natural_wind
powerful_consideration
intermediate_felt
religious_fashion
hollow_adjustments
managing_adhesive
homeless_swimmer
valuable_rule
pretty_merchants
intact_professionals
terrible_piles
hurt_mugs
human_majority
variable_humidity
drunk_helms
magenta_objects
orange_collision
musical_environment
armed_fees
outstanding_paint
huge_polisher
everyday_route
different_braids
rising_terrain
environmental_vibrations
concrete_coordinator
popular_tongue
medical_cause
lovely_excesses
direct_misses
dry_wills
linguistic_ears
fantastic_discard
troubled_countermeasure
melted_back
straight_cycles
silly_americans
extraordinary_travels
wet_documents
dizzy_photo
polite_cycles
stupid_correspondence
moaning_cleanser
general_elapses
obnoxious_auditors
loose_promotions
efficient_accord
frail_hit
binding_carbon
raspy_examinations
flying_decrease
tory_lettering
american_geography
deep_creek
successful_scales
presidential_annex
operational_stencils
kind_carbon
invisible_features
underground_stocking
jolly_canisters
thorough_members
substantial_multisystems
ratty_dealers
glorious_timers
thoughtless_destroyer
fatal_perforation
toxic_measurement
female_submarines
sophisticated_guide
long_salute
fuzzy_plugs
unusual_justice
video_taped_ceilings
excess_logic
alleged_reach
beautiful_constitution
expected_fan
english_ratios
structural_labors
repulsive_preference
nineteenth_century_hilltop
simple_arch
fresh_budget
unfortunate_vapors
russian_lockers
cold_bottoms
natural_affair
unexpected_leader
uniform_gaskets
