rw
GV
oP
e4
yB
CM
MP
Q3
ap
RS
y0
vA
ds
df
cq
mE
rF
eu
xK
xO
b8
nI
AY
gR
gY
KT
jR
cH
P4
bs
iT
jL
rv
wB
q8
uE
oq
x7
V5
pI
k8
zS
J_
jX
SZ
CW
X9
j8
yA5
fhM
cw0
vzI
rw_
vB2
rvW
mpW
qN3
vQU
quU
gzQ
t10
LS2
YZ1
uT_
iwK
tEG
mDI
jqB
wCF
eL5
QW3
cn5
f6_
bq6
fCO
eiv
ctM
ORX
bes
gzO
HMP
EUV
lJU
oIV
aR6
nr5
mpq
P58
rDJ
hn3
AGL
jnD
Z48
nMO
E0_
mET
CGI
d46
cFG
nLQ
cKW
dAU
tMR
aMV
dFG
iV3
zCZ
PV_
dzP
DFN
cmo
kly
qDS
mC9
dyK
in4
bQT
rCY
puO
uVX
xO3
aVZ
fyZ
OQ3
gvO
GKZ
HK7
nAO
my1
gpF
hx4
cd8
g69
jsL
dsE
vO7
B18
bEZ
bLM
ai8
hrO
sM0
IW9
juF
ip6
gDW
BKT
blP
gW9
fqV
CQ1
xCD
bu6
GKL
arA
di2
xSX
vxR
hs4
uAQ
vQ4
iAY
nIN
G50
HRV
aBD
m57
zMX
oF7
brW
chB
IS5
uFI
mLW
OS5
CEL
J12
p36
wA1
hT3
SU4
yJW
bjB
GV9
GT_
fPS
lPR
rtw
qDE
asx
jGZ
nN5
j1_
uQ6
RZ7
gY_
os4
ejU
N28
HU5
clF
ag9
JMY
sO_
dRS
bE1
fwy
aR_
rDT
lyK
lyA
hpu
yLN
DM8
MN0
zE0
eBR
sFO
mW7
nC8
pRW
iUY
LT8
JN4
io5
deQ
gI9
auP
kCF
fnT
cU0
il2
uEX
bfV
lv8
dj8
MX5
ejJ
nyY
gV4
lY4
kpK
ct_
qSZ
cB6
arX
tQ1
gyH
vH9
pKZ
mM9
aou
ao8
Z38
mR6
dDL
cAP
T27
X0_
FLM
bvE
u50
tOY
uzX
gEQ
j58
akG
bqB
dSW
pU6
kpz
MZ6
DM1
E14
CD9
iJ7
nsQ
flD
cN6
ry1
ru1
dlY
gjx
yAK
ACD
O0_
tP7
beP
jIU
dsN
aMO
cJ6
AP5
pt4
nxY
iAP
oY4
qQW
nM1
kxy
AI0
G3_
jsT
js_
jmy
qw4
kJ6
fmt
eiG
cpT
kW1
dBZ
oRW
jZ5
imC
bln
tGV
eK9
jo8
tKN
vH7
bc5
op1
TY6
dI7
jW8
tEN
rQ3
iMQ
BE6
k4_
TV0
dsL
ev0
huH
nFX
mpB
WX1
X45
uxM
hoZ
by6
hBQ
ckD
EFO
hxz
bN5
akX
gpQ
O59
iyZ
hw1
imu
tBH
dT5
KL4
vDP
lwZ
jvC
L39
iCI
uMQ
JSW
ovy
RS6
UX5
uv4
bMP
uwF
uS6
ltY
mw4
sW2
ELN
BFG
fPX
dfU
oyM
W26
jnq
rM3
nJY
LVW
dmD
iP3
gYZ
QS3
R34
HNW
ruy
t29
WY3
lny
duI
sz1
XZ6
BCH
fox
FT4
ei2
yGH
HKP
avY
ez1
nzS
adt
AV_
arC
dkp
y30
cfW
dx4
IPX
ah5
fSU
nF7
gMP
jDO
dmw
X70
E27
mHU
jk0
jU4
krW
iC4
JR0
zPT
kJM
iAG
pqL
qCO
pA9
eDX
IMO
pvN
equ
dnw
yJM
kV1
csv
gyG
fST
mpQ
gBV
clC
pJP
JU9
mR7
bhO
fq4
hrB
Y46
isU
ozZ
jv7
nCN
axQ
xK9
suE
dNX
FMV
gO4
zZ3
MW2
mtS
AT4
KL3
rXY
GMS
X48
fZ4
ir2
qDX
ekD
flH
qOP
M6_
agm
fD9
IZ7
muL
gq9
ch0
bju
alr
fmB
BCM
hm6
bKM
eJO
bK4
lw1
kBN
iwS
sT1
fl9
DT_
kN5
Y25
gAN
eQR
nz7
qz8
iQU
pxE
iHV
fN5
fS7
uR6
fKN
CP6
kqQ
nOP
F0_
JQR
dv9
eyO
itC
oG3
mY2
lO5
hwU
zR7
oHS
j17
PQ_
hiG
ahG
hyI
S45
MO3
uGW
LT5
QT9
bru
aT6
lp2
cjr
bz8
ioV
U38
gP7
GKP
GTY
cgr
gp1
GV1
NV6
BR3
rA0
b1_
KZ6
oJW
kwJ
eoT
exO
PX5
bAO
vL2
yO0
qX6
aPS
Z19
bM4
bw2
cvB
orM
uzU
BFY
Y15
fx8
DNZ
mB8
eDL
qKY
lr9
BNW
EJO
ev4
BUV
EX5
otZ
pO0
isF
bu8
gq1
kn9
yA2
kC8
uN6
pV0
dtS
DO3
txO
nvS
uGV
a26
o24
gio
uvR
pO3
aes
hyU
dqw
oY8
py0
oGM
oFN
luI
BEU
hQ4
oU1
xyT
orW
yTX
msK
LT7
gCJ
uBM
g47
DGL
cgm
jtF
eoQ
kXY
BM1
vw_
z16
orP
dek
jku
bcJ
bBJ
mDH
rZ1
H40
hsF
AO_
OX3
nqP
qBG
jK2
xLT
wyW
BCI
alT
acW
ci6
asW
btL
JW2
CL3
EM5
aMT
WX5
sV_
lvN
lqB
lJ4
osZ
sPT
dN6
GQ7
inz
qr7
oP4
hFG
dxO
jsO
ayz
uwM
afo
EHR
qw7
zX9
BMQ
deO
nOQ
IK6
DL5
IV6
aIP
jG9
fTX
vAN
mDF
wH5
dOU
or5
fW0
SU_
bfh
Z10
D48
aR9
oAU
y80
az2
tNR
yP6
hoC
kI4
oQ5
etx
lqT
kvH
qNW
cgq
lF8
ixU
no8
A14
P30
cO9
vz8
noV
gxA
rM0
R6_
bqV
mLY
BY6
cET
oT2
mN2
fzO
duZ
kCV
ntY
ry0
vQ8
dqt
oH3
lCM
AJ7
uxK
az4
h7_
bm4
jyR
v9_
ix8
BPW
fmQ
cfU
iIN
wxJ
LNQ
qxE
qAJ
rv5
ntv
gzN
FO1
cAU
uH3
nPZ
cv4
CU1
ay2
PQX
ptO
FL9
yDM
yN9
pN1
s16
grA
jmu
GMP
EHI
gBC
gY2
mE8
wEX
C5_
n45
yJ9
DJQ
qMN
eL8
ES9
FSU
INO
xEO
jqI
wCU
FR4
v12
juY
yzB
lEK
bY8
IWY
oR1
m47
rwz
iDP
g5_
elx
dC1
kqD
D10
BP9
eFY
sR3
U12
yC9
dj6
bly
hzH
yI2
hn1
fm3
EHZ
AR7
lps
adu
irS
ry2
HW3
xMT
knE
tY5
ioP
rDO
MNU
yFG
hq3
pKO
hwV
itA
LMV
XZ_
rtP
sP5
erw
JT6
lmN
CKV
PV3
sZ5
xV1
hJ6
EV4
fgG
apR
xDF
tP8
juE
OR1
ovZ
pz2
CJM
bN1
klr
EMY
nIW
iDJ
bgA
ij2
zQ3
zIX
iz5
ksA
GM0
cOW
qA6
afS
amC
fEZ
uDI
kIX
fuE
lrI
LZ3
DG1
qxO
oR4
eyV
nAV
hG7
ajz
HU2
bGM
bZ5
JWZ
bKW
cP7
GMO
BDQ
BCN
jkE
ikq
IOY
dGM
nwU
iF4
kyE
nPR
kP0
j36
f7_
ER9
mx3
cd9
kAT
iv7
pV5
qEP
tV0
IW5
itM
AEJ
h8_
kow
vJT
sG1
rx5
wL1
AC1
IS7
kB5
v1_
kz7
fvS
bzM
emQ
sO2
hQS
bIU
dy8
erT
b18
xQV
sC_
sH8
lTU
bY0
fQX
zLS
hrA
kHM
ST3
eZ2
ajH
fsZ
knq
cpN
ouB
uCI
uW0
kpt
lr2
aeE
OP4
sUV
fyA
buC
pvB
hlp
pPR
W18
eM8
koy
mXZ
mDV
pR2
hGR
vEU
zBK
sv8
azV
HWY
nGH
O30
IKY
jZ1
ayJ
JOR
gpV
jyQ
dw_
qy6
APR
oW2
GQU
eQ6
yER
sPZ
iqR
cfR
JOX
sN1
K34
hsx
eY4
mGN
aey
vD_
zNZ
bzR
vE_
vDL
GPR
vA8
nV5
hjJ
noA
uvK
hpy
tG5
wB8
wy8
AHY
rCZ
sw6
hAT
mGM
n90
gw6
sL2
jp6
cgA
noH
nC1
PS6
ez3
hGL
aFQ
sIO
iy6
sIX
eQ8
eF7
tE1
d67
oFX
izT
vMS
qRY
euH
lrN
c60
cW6
i2_
rCL
GIT
blz
rvV
fzT
glm
pY5
jmp
zSZ
anz
wC6
pAN
nG2
ANU
avB
FR9
aAN
sCW
iFJ
ben
OU3
aqS
hjU
DT6
PQ8
ej3
nEK
sHR
tvR
aj2
kE4
mX0
TV1
uD1
z48
fjl
EPU
nT_
ruQ
iFL
eN9
dX1
S90
iJ6
Y80
lrJ
ajY
t2_
fo3
nzA
lFH
vzT
LOW
xyX
mL0
qLQ
wE0
jH3
blv
hEH
BJY
yQ3
uQ5
eiD
aBO
249
BN5
FUW
jU7
auK
X80
qx2
yJV
fT_
oT6
inR
wCM
gkn
iCU
jB9
gIM
dyM
rJX
kn7
bij
dP0
t60
378
aC7
hnA
awY
csU
s24
lEX
zF8
GSX
h27
mFZ
kZ7
ceY
pxR
xZ6
cky
gG2
jAK
N37
EN5
xRZ
GJZ
KW0
dem
SZ0
kLR
lC8
iM0
hK1
mFU
fn5
bgX
CEJ
gnp
pNZ
iB2
PZ9
hL4
qt2
GTZ
fyC
Y47
BTX
sAP
GM7
abn
rE9
fyH
jzY
isP
i35
sJQ
deA
WZ8
HX0
bsV
gzW
JO5
rN_
BM4
Y35
mY9
df3
enO
qzO
jzC
HM_
fZ9
xAV
bOS
cCK
gzP
bDZ
tyZ
tM7
eD3
ew6
hRZ
ep0
IV2
mKY
gNQ
pFS
KX1
l45
dMV
hvQ
nEX
msY
jw0
gy6
auA
EM7
eJ0
NZ5
pEO
grW
vD3
kCY
s3_
JV4
rFQ
gzC
MW8
zG1
oKR
qt6
xUZ
aW6
AI5
bkv
nNS
CD3
bpx
dxX
hjZ
rNV
yL4
nG7
uTZ
fgN
lCK
iwy
jly
yPU
iCN
jnu
aJN
DN6
hmQ
APX
fvG
ES_
oMN
vBU
mps
wJW
ci_
BM6
hwK
lQ7
rF0
hQR
qK0
iCM
pWY
LP2
yDK
mx6
de9
clN
uy8
dmx
pL1
dCS
zOT
cnW
nr9
hwE
zW1
F5_
u16
av3
uFX
qR7
sFY
kpH
nT7
U6_
suR
mnS
dHT
gnx
gJT
mtu
go4
cxB
aXY
nY9
HOX
myX
JT4
mU4
iL8
aGQ
lpS
F89
NR1
eo0
vxY
ku_
aor
oy5
dkY
sBK
fAY
gP0
iu0
dDQ
rwW
JPS
is1
djw
lFM
x3_
J15
K9_
kV2
adK
dEP
W69
kyW
mwx
gsW
eDY
fvZ
bN3
fY8
gAT
qvL
cLO
rR9
wy6
mnI
oAV
fj1
dvI
qrR
pEG
KPW
jtS
MUV
wy4
fg8
bht
eh5
sIK
ry4
qD9
kO9
fV5
kzO
cjT
bdy
uDO
ceZ
z89
pqE
iT9
goY
brz
mtV
I79
xLX
jpr
cfk
K1_
IZ9
kOX
gjw
fkn
d59
y70
kwW
jVZ
ESY
gu6
jV2
jux
fjy
aRY
ltM
uz0
dU2
d4_
HI_
KS5
eP6
nIU
z70
PSY
qCI
hP9
jC7
pL9
rxD
KNW
nA1
fOT
qKN
gB5
pyU
pFT
pQ3
lIQ
cj8
ftM
nEW
kAM
356
pH9
bsF
cG2
bjG
uDS
elP
B79
jTX
dfv
opx
ATZ
sN0
DY4
zIL
hxA
ny8
hR_
fg4
mLZ
yVZ
diJ
nY1
tLY
CDO
byz
IR8
BIS
nyI
aUV
IO2
qW7
fP8
vCJ
kVW
AIX
cqA
sxW
xMY
gMO
NPW
fkU
dtG
ehH
kzT
lV7
eJR
qz_
nW9
gmu
aOQ
pCQ
xW8
irt
lR0
B13
zEK
npC
DJS
jV_
HZ3
e9_
nJW
gB_
JQS
bpH
mX6
cGT
oQY
oA7
jUY
qz3
hKZ
jBX
qvI
bUZ
afj
dT8
uyN
gAZ
xBD
vA1
hX9
rW8
mrs
mn2
M17
SW8
sGX
MPV
CH8
jJQ
KM_
tX_
QYZ
AG7
iTW
yS5
zBI
dW5
eS5
acS
rK9
goA
j0_
jU_
dm2
iRW
uF3
ekq
foV
aC4
sS9
CT8
cY9
jL2
ftu
ko6
npu
mBM
oEX
nD2
jEY
dP6
S5_
zY7
hC3
moH
in5
hRU
eDV
xK7
quB
luX
RXY
afp
wEH
jFI
CJL
ckw
jo_
biF
cnE
wyH
iIT
uA8
zZ2
bnQ
qvZ
hqM
ns1
py1
pU0
in0
jL4
tE7
vJ5
iD_
xIL
mv3
wEG
mJM
dsT
ko8
aM_
dBF
iB_
pxC
cj_
fiK
OW1
IJ8
fP0
df8
vP7
giu
huN
EGL
EZ9
gS2
AD3
qyO
CDW
tH1
mv4
nqQ
bMO
cfh
elV
iyL
oW4
fq5
aux
vG2
eqw
iDY
567
zJN
lt7
hBC
yP1
jyV
vL8
GR9
ceO
KSW
zL8
dsR
zC_
kru
qsL
B30
NY2
cjQ
R80
xGQ
tDV
ovx
abo
fD8
IN5
gxW
aDJ
aP5
iyB
nvB
u13
tDK
hkq
gm4
hHW
yM3
iq0
nAY
kN2
oAP
swS
vG4
AFR
sRZ
wDP
mD_
oM8
DL9
aW8
zY_
LO2
SZ3
m37
beu
qV7
z15
rtZ
qK_
gIR
tyN
aPQ
fE0
fiY
GKO
N40
lZ3
U79
lmo
ilR
IK5
nr6
xOW
bHU
CIR
bo_
XY4
y67
tKO
rwN
jx0
bm5
yST
bs1
IN9
DZ4
rsV
vDK
xAM
nJP
adP
vz4
cv5
mw7
dw7
qyE
wDO
ovF
qNX
F57
aLT
asu
dAE
uA5
wEP
TUY
np4
eE8
lO7
lR3
qs_
HL9
PSU
w89
qsH
kr2
A30
dJW
sH1
oOQ
QTV
n69
vT7
BNZ
eTX
wIQ
kDE
bLW
qyG
CX9
dGI
eFZ
gvZ
kBZ
bp5
cyV
dtL
NZ_
mx7
iZ2
BR9
kGS
gkV
vI0
cx1
pvJ
cfp
gvY
biU
mzS
xHX
zUY
gwD
DOP
iAW
oN2
pzP
mwT
cpY
fnF
nzX
at3
AX4
jsx
nT6
iIW
ads
pJT
q30
LS1
GNT
pwF
MZ9
vR0
uBJ
BGS
rxX
GR4
GLX
mrC
aDR
kt7
nT5
yRS
crX
uCX
bN6
lmL
IM4
sR9
nR3
yOR
hOS
rtB
opI
xR1
v45
LOS
cGM
gMY
eUZ
uLZ
lD2
tAD
rRW
vM5
aio
gSY
hxL
d14
ex3
bu_
aiz
hnH
nyT
jHK
gu8
xK3
dR9
xD9
clw
iF5
QW5
dsQ
cQ_
bdN
A69
io7
BDG
fn8
ABH
eyB
fiJ
rtD
jkH
CSZ
BQV
CIX
h9_
358
pT2
IK9
u58
qGP
CY9
bFI
pY7
zKT
bjI
sJT
clK
bC3
py_
FHJ
KW5
BX7
esU
CQ7
BQY
HO_
iQ0
u26
hM0
mHS
eZ5
wJ7
Z47
yX0
LRW
CU_
mz2
pzF
fJR
C18
dt1
kpu
oX9
xM_
245
HW4
jq6
jzV
fvH
flv
BN3
rK3
xT0
hxS
cgt
zV0
mwF
giC
zV7
ivw
ST5
koU
RZ6
azW
krE
rFX
G0_
EP1
lIP
wT_
diB
nH3
bq_
axD
bk_
HT0
vP4
bFM
oLQ
oM3
tCW
oF9
mNY
RVW
dyR
GX7
sN2
n59
s9_
ioN
zLV
iJX
EK9
dgq
bKN
bF1
wx8
btX
pJ5
ioS
jKT
egj
txT
lS2
gqF
b0_
NT3
iX2
brI
c12
abr
g60
uU4
lL8
hpw
rEQ
syS
DZ2
fx_
uv3
wz6
rVX
eF8
zDG
qvX
OR2
qFZ
sD8
rBF
jP2
avX
xWX
BJ_
wJZ
wJK
kqE
FLV
nFT
RSX
u46
oOT
tN4
BGW
vDH
oEW
asz
GHL
V49
gmI
HPX
ANS
vwx
nD3
yJX
jU9
uD_
ABP
pJ9
bQ5
xAC
zD3
lEL
p9_
aDQ
js3
iy2
qs1
pKN
OW2
kuw
zE9
lAT
uQ0
syI
dyC
xIZ
hX7
oNS
apK
sV5
aAB
CES
egL
dB8
dwP
bv0
uJS
KT0
npY
GM3
bgt
cAV
dAH
lyN
bVY
ew5
A46
jvA
uL2
jt8
pvV
sBW
imU
HN_
CX0
otR
iAR
frM
vTU
txF
xPX
koM
aOY
CDQ
xP7
GMN
SUY
csP
lT0
vLY
f18
b17
uB0
kGV
quP
j70
Z20
bF9
z35
dL4
EFR
V56
hmW
imW
np6
AW2
sS4
yY2
vLV
bcH
akW
l28
GOX
akL
bH2
gN5
zS1
mAH
RX6
hIT
iPQ
d23
lC9
xFK
lBU
vG_
eAL
mq9
vw2
NY3
GJ9
e3_
cuJ
BI9
hnM
LX8
pst
uO8
fW1
cdo
aM5
yP3
DJK
lV0
pwI
rT7
sLY
tU1
otM
kL6
oQ4
G10
lO2
nq3
eH3
acf
jA_
GR7
pOV
bmL
hoX
cyL
bMS
IY_
cZ_
gIV
gx6
rPY
J60
a17
tZ1
t0_
oxV
hOX
vyT
dqA
fmw
DN4
nH_
R23
y48
bx1
PY0
lqw
kpE
l24
U56
NUX
otD
dhp
rtM
cgD
eqW
CU0
eV8
hj4
efY
lvG
luH
st_
oH5
IQV
nP_
jxA
cFP
lG_
fu4
jxJ
IRV
flM
wI1
wPR
fhE
hOV
EUZ
fEK
hU3
cv2
cuF
jrR
zCY
oz0
anM
ao1
jMW
kpG
rCM
oFU
qPW
wG_
oGY
kmu
mS8
zU1
fwz
gBE
zR9
TVX
JNS
CY5
inG
fQ6
lFS
pOZ
abV
AU9
qvW
chs
atv
ah4
czN
UZ6
uAU
kqX
lxE
yC8
grD
vAC
qG6
prQ
LM_
dhZ
ezC
al4
yOT
EFJ
ER1
cW3
lsU
dS1
nBO
xIM
mMU
gkL
eL7
fhw
uEG
hBZ
gjr
JM7
jO0
kl_
QS_
kU3
lGS
ei8
bqx
qR5
mw2
vRT
aBX
kFI
iw9
fi7
ivK
pv1
rCI
hmE
xV3
COQ
zY8
vxX
jCZ
lsy
oyC
kS0
oR3
hEI
GNY
ekl
eDR
uHX
wDE
ksC
xyO
QUW
oyB
lsV
yRX
gI2
lwW
O8_
hP2
fA4
pEZ
qU2
bfS
vKY
dpL
IOX
dk4
Z4_
bvO
lAO
dU9
mJL
vyL
pvD
bvD
N56
bH5
sR7
txG
IU8
SUZ
pNT
oxy
fwR
R15
kST
lvO
nsK
IOW
aN2
rAL
vwZ
iD7
ip8
mHR
Q13
A60
vCU
wKV
sNU
svT
oq2
SY2
mwN
eNW
vR_
fk3
nwF
w16
H2_
ghk
HRX
uzC
txE
kBT
ehk
oyV
J49
mKR
pPV
zR1
dH1
aX6
OUX
lwL
juy
eRW
as4
y1_
kmG
tIX
cGH
erA
mnM
jBU
rDF
BOT
v23
jwI
pv7
kHK
kDQ
etW
jD7
KUW
eBK
dmq
iC0
akE
z80
CMT
lU9
ASX
jB6
wFH
ipR
FX1
uT3
KSX
bJ6
LU7
MV6
dzZ
gjT
jp5
adU
xX8
oCJ
uSX
nZ8
bjs
JZ7
d16
n48
dmT
dV8
sKU
fkD
ei0
eCI
sGZ
fu3
DS1
vZ3
oqE
LNT
lK1
f80
gFJ
gj7
aI5
ps3
GN4
jER
FH5
qRT
bOR
bvw
pF5
M58
tBJ
jD8
quY
aIK
pxD
L90
hC7
AJ9
vA6
rz8
dh9
oFY
P2_
aK4
dfu
arx
xFV
jBI
osx
fq6
rGH
et5
kDH
ahH
hiq
asB
gk_
wyA
dfr
esy
bMZ
qKS
xS4
cW4
kRT
nCP
jI6
ER8
aq1
xM6
ipY
ntA
C40
dGH
uFM
gX1
hyE
hS9
rU2
FJ8
aC9
AOV
rOX
cu6
QUY
w49
kvU
vBR
r68
Y50
qrK
qCL
iDO
mn0
IW6
do0
u7_
EJU
CLO
efi
qry
dX0
rBK
GT1
lvx
p68
jz2
aQ9
diK
pS3
rLM
hZ8
kuV
zPS
mxO
AQ9
lmu
uF5
wO9
sM5
rGT
nAU
uNU
luY
eC5
lwT
ovw
pE8
qW2
kZ8
jH4
R12
mSU
mn6
nB_
jtV
zDL
nQZ
x1_
MT1
nBT
lHY
QZ_
DNP
ALR
dln
BN4
EX1
KRV
IRU
gjL
cf2
ado
uLN
lK9
ko2
rwR
U90
oIU
mt7
sKM
K12
ijI
ar2
in_
tyU
ho5
tH0
PX3
R67
knr
gxT
vQS
oAE
hqP
jnx
eg1
hA5
swV
jK4
kp2
iwG
kT2
ADH
e34
u27
SZ2
jAU
bnM
tIP
Z36
nI4
IV7
zT6
xG6
tzX
KR1
yX7
qwD
zMW
kv_
dqO
loG
kLP
MS0
tLU
lC6
IR3
apz
mv8
gZ5
J17
wQ_
aB5
uY9
X34
djI
xRW
GY3
bl1
BN0
qxW
tNT
wCO
BG7
lx0
gH4
kn1
tNO
su6
aS2
cTU
OS2
xW3
fqu
KS6
wP3
sGP
uK5
bI1
jsS
pt9
hkr
aIL
kr5
p60
NOU
dgC
K69
zFL
bnw
jm9
eq4
mG0
eW7
kL5
hY3
pwY
uER
ckX
cM_
jmG
kBW
gY1
msS
dsY
PQR
dV_
eJK
sAQ
CK2
tAO
b34
AQX
hsN
rGV
gtJ
agL
lB4
zK_
vAU
lnU
ghv
gqS
NU8
uY5
HS_
cjp
ot2
vW8
M10
jmE
hD7
eMN
fqy
ewB
ls4
wW8
cmE
lyz
vV_
myW
N68
zKQ
cpv
EHJ
ilN
M50
qFJ
iGL
gXY
eB9
jlo
iMN
jqJ
tBO
k45
dlK
eBU
dBK
GI8
su4
GOR
jor
hrM
cnY
yOU
kTY
wCQ
hI4
ctY
ovJ
rDQ
PRY
esI
C10
oSZ
fnr
bgB
ix6
bG2
bco
fPZ
qB3
B89
mrJ
vX0
cW1
AR3
eU3
uQW
GLY
B90
bk0
pV3
R28
dhI
mOU
fuU
eiC
apL
hGV
ioX
lA5
zSW
E69
179
kK_
IMY
xEU
cfF
bpu
BK_
HX_
s68
t40
BS1
kX9
zEI
MSW
oS6
vR7
kAD
lT_
PTX
mrU
mKT
uKY
yP8
12_
jpD
kP6
M3_
y19
uI3
i1_
aju
uVY
aiq
ds5
E59
eW4
gl5
tKL
dtV
emA
cmO
ABI
gHZ
bvX
fI_
wQS
aCK
uGR
ruY
bxY
wBV
kT1
axF
w34
f26
iku
yM6
CFZ
iF0
buS
kWZ
aDG
ADG
dzT
hvC
g40
evH
GHP
gi4
fQV
yK_
myL
hGS
r2_
HMQ
wJ1
uV4
SX5
efD
tK5
coz
xDN
pz_
nN8
dT1
ej7
ckK
lPX
wUW
f20
W12
qS0
jq4
tM_
FJZ
pqw
rsR
Z80
fjB
xDM
cM7
vKL
eEL
IX7
GM8
DMU
dq_
kI3
gC3
yzR
jnU
uwS
fl3
pxZ
ahp
jN9
oTU
iI8
qt9
r58
wY7
GUY
ef6
ty4
PQZ
cjo
gU1
noC
FK9
D36
fxD
bqC
tE2
tvC
iKX
dwD
nD9
pVX
cgC
noq
ABO
kJS
rU4
vG8
qJQ
EY3
z90
hGN
qEH
J78
sPV
bc4
yGK
wz7
jFW
blD
oQX
hKY
CV0
DEX
q2_
zBW
gow
hEF
fJO
TU3
vxT
pxF
nE4
fFU
AGI
V4_
J20
IX3
HZ9
bEY
aHN
ixN
RU6
sRW
qFM
jJP
wIM
kZ3
it4
e36
sBR
aj3
gz6
hI_
cgU
X89
ovQ
jpU
sMR
pMN
afB
ruA
xT9
cez
zD2
oJ6
qs0
rZ7
tO4
uW7
jpR
zBC
sTY
KLM
B0_
GLN
oBY
sBL
itz
eiZ
bNS
iqJ
pxM
R60
uGX
y5_
R17
eIX
dsG
hlL
bv5
in7
AHZ
jDW
aeq
arI
hH2
mJ0
apU
IU3
BX0
inB
ANW
BE8
ew2
yDR
qY3
wX3
asv
ER3
cvw
sOX
qJN
nS7
eC3
ayT
mJO
pP5
drV
ewZ
MS6
JUV
qC1
kCN
bis
AH7
MT3
L50
jmZ
NTW
sx7
jrG
xIV
bGS
xy7
rtI
vIL
xJ1
sy7
gG0
cM4
KW6
MVY
doW
sv5
kot
fEW
uRZ
237
hEN
oEL
suU
jKY
cv6
hAX
cK3
vxz
gN3
qIN
nvz
nt3
kR4
AZ6
mS4
otN
gZ0
nDH
xD1
NX3
bcu
hy6
box
oKQ
dl7
klN
jF4
glr
qvS
etK
ek7
BEK
lC4
iM4
jzE
mAG
RV6
kPQ
fC7
mJ7
pK7
lKL
lU4
IJM
QTX
lp_
tWZ
di8
gFU
epw
br7
y49
pU5
uwQ
lI1
yzF
auC
jY1
bU_
vHK
ixC
bsZ
bRZ
lpM
dR3
LW6
jKU
x40
jFP
HI3
efZ
gJ0
zC4
ux0
du0
asY
dA1
c20
gF_
hvE
KL1
chE
DYZ
bo7
beS
pT8
jrQ
iwU
RUX
jHY
F9_
klJ
v10
qJ6
rLV
bgO
CRT
qEX
lnP
CGO
yI5
ek3
huw
gh0
hk9
hjp
fpZ
nER
oBU
rHM
frR
L3_
qrB
AMU
kmw
BE3
abI
gln
egW
aQZ
xV_
CD7
rKQ
BL3
UV3
ek_
lCG
fDU
ow7
jn7
msz
GJ4
tuw
DH5
xB_
DGW
iH2
cL3
hwF
jUX
KOV
mnD
koN
ep8
jCG
lpQ
nT4
cuz
ehp
DHX
qST
CI7
sz4
BJP
chQ
GNR
vCK
ixQ
gk3
s90
lFO
PXZ
bY6
hlQ
dm_
bBG
PZ3
jNQ
DI7
amM
mnJ
DV9
aM8
dlu
qB5
yT3
rHQ
oU2
q35
lQ4
E3_
pAG
bJ9
dnT
mR9
DIM
nxz
iQ_
vyM
isK
fJX
k89
jO2
zZ0
muC
TZ1
iPX
hmo
jD1
pqF
AGS
cyU
yS4
v2_
bjH
evV
din
nBI
eFQ
AZ9
KY2
hA0
nsE
erN
bwS
be2
qzV
iHT
KN6
uzJ
eR6
p7_
qyW
gR6
jAT
xHL
CTU
dxN
jwX
gC8
emt
gW_
nN_
pR5
afn
eyY
oIJ
acp
Q20
kpP
stB
bpK
qSW
vX6
fiy
h24
gns
mT2
NRW
dDK
elS
rA9
wH9
kvA
gJL
hxQ
D89
jEO
mqz
AJV
pE3
lp7
hxF
ir_
UY6
mr5
vH1
iC2
zFO
mLT
yA_
vHV
fkE
uxX
be_
kDG
aE_
gT0
vPS
bP0
boZ
zP4
pW1
lpz
adS
GN5
itP
ahU
kr_
nw2
gCN
mq4
fxA
xNP
bCW
CNS
bsJ
QS4
fmP
imZ
nMX
bBO
BIT
gnw
tPZ
eF9
eix
AGV
zIP
zXY
gpD
biH
fuZ
zE3
yI7
my0
irA
sxX
eKY
ewy
pFJ
x34
iP9
jJ2
UY2
iBK
bUX
xBJ
AE3
fqx
owM
jP4
nAK
qG9
eDH
wyN
gmq
Q9_
tGQ
huE
CFN
JY_
nN7
ijU
V27
aeh
LU5
JR3
adH
dlR
F29
qGT
pJ8
fsS
bv7
uJ7
L80
qW5
l35
iH_
gGK
vA2
FXZ
CST
vL_
PTU
hE0
fS9
aj8
x67
wB6
hT1
gtO
o1_
ksW
ADN
LUW
ekA
zD5
nv_
dMT
gkH
LOQ
iBD
sDH
T15
tHO
pP7
vI1
a56
vy8
pq8
s8_
bgu
iRS
vX5
IV4
IQ4
lzB
CEQ
hl4
JV7
yCW
stM
sT_
GKQ
mIQ
ekm
uy7
foO
dwR
rQ7
bqU
CJ5
BX3
lQY
OZ9
loL
awP
sz_
fij
aAT
nUW
dGZ
wAD
kmP
fGR
gCI
A40
bv3
JPU
bo4
gn9
qD4
xX4
csx
H59
qr9
HUZ
qwG
yCY
lrt
dgQ
dl9
qsK
xW5
JK9
fqP
eos
OV2
epF
xIW
czS
huK
fiv
eqy
qyL
SW5
eip
iyR
akY
sDW
akN
JLS
alP
AX9
b38
bny
kq7
mxI
dj2
rwH
aP3
p13
irT
auw
vL7
O10
ai4
jls
wMP
biX
ijs
tDM
dgJ
bnK
hyN
sWZ
jwW
eoX
bC0
ER6
r37
cEF
kw1
nqE
xGR
AEO
gs5
qF1
zT1
jkP
hou
s46
mpT
z13
kGM
OW_
ceS
duM
i7_
qsP
cEU
dqC
eRZ
xA3
an8
fjn
fCF
bt1
mQU
bqZ
aX1
bs3
sST
qP6
n20
aQ6
lH2
S35
bfY
EJV
brN
pY0
wW0
cmF
F90
OR9
tHW
LMS
bqD
y90
TUW
cjV
nvH
IQX
dAG
oB4
gl7
bgm
lW8
PY7
iJ9
esG
vxH
cPR
X67
z38
nSY
iS6
wxY
nr2
mx5
kA3
mu3
jT0
htX
nEF
GS3
FN3
c24
pB4
kQT
QX6
eB4
xAQ
bzI
dzF
EFG
gvX
bj4
BZ9
wGX
EO7
gwT
xI9
HW9
JL7
aIV
FUV
pR_
beM
hrR
rtR
dr1
u3_
kuz
iK5
EFH
nBX
GJW
exN
jkx
QX0
p29
ow6
fin
ILN
mzL
