f
r
s
u
y
C
J
V
Y
Z
aa
ab
ad
ah
ai
aj
ak
ap
aq
as
ax
az
aA
aD
aF
aI
aP
aR
aS
aV
aW
aX
aZ
bc
bf
bg
bk
bm
bt
bw
bN
bO
bV
bW
cb
ch
ck
cl
cn
cp
cu
cz
cE
cU
dd
de
dg
dk
dm
dp
dr
ds
dy
dB
dP
dR
dT
ed
ei
el
et
eu
ev
ex
ez
eF
eK
eL
eO
eY
fd
ff
fj
fl
fn
ft
fA
fD
fJ
fK
fV
gb
gh
gj
gm
gq
gI
gK
gW
hd
hh
ht
hu
hz
hC
hG
hH
hL
hV
hW
hX
if
ij
im
it
iv
iy
iB
iC
iE
iG
iJ
iL
iM
iP
iX
iZ
jc
jh
jj
jm
jo
jr
jG
jL
jN
jO
jU
jV
kb
kg
kj
km
kq
kt
ku
ky
kC
kD
kE
kF
kG
kO
kP
kS
kU
lb
ll
ls
lt
ly
lE
lF
lQ
lR
lW
ma
mb
mg
mk
ms
mu
mC
mD
mF
mQ
mY
ne
nh
ni
nm
no
nq
nB
nC
nH
nL
