iF
BZ
FZ
JE
Rv
RM
Tr
Tv
TH
TZ
VF
VK
VL
VQ
VT
VW
Wx
WK
XC
XQ
YR
Za
Zb
Ze
aaI
abs
abF
acc
ack
acC
acO
aea
aeq
aeV
aeW
afb
afw
afO
agr
ahA
auS
auY
ava
awa
awG
awO
axb
axT
ayh
ayC
ayP
azI
azN
azW
aAu
aAv
aAN
aBf
aBy
aCQ
aCT
aCU
aDq
aDC
aDS
aEb
aEf
aFj
aFt
aGf
aGy
aHL
aIm
aIo
aIH
aMD
aSI
aZF
bat
baC
baX
bbd
bbF
bbQ
bci
bdy
bdK
beF
bfg
bfm
bgw
bgD
bhy
bhC
bhG
bhQ
biF
biJ
bjx
blq
bme
bmH
bmR
bmU
bCT
bCZ
bDv
bDS
bFM
bGt
bGO
bGQ
bGU
bIf
bIK
bJi
bJp
bKU
bLl
bMp
bMz
bNV
bOg
bOW
bPh
bPC
bQn
bZR
cfl
cgd
cgh
chk
ciN
cjj
cjP
ckM
cly
cmk
cnj
cnE
coT
cpi
cps
cpu
cqd
cqj
cqp
cqt
cqB
cqF
cru
crP
cst
csK
csW
czL
cIN
cJk
cJx
cJy
cKj
cLg
cLr
cLO
cLP
cLT
cMC
cMJ
cNr
cNG
cOa
cOQ
cPf
cPg
cPC
cPU
cRM
cSR
cSW
cTe
cUO
cVE
cVX
cWQ
cXf
cXk
dic
dlZ
dmB
dmS
dmY
dnF
doz
dpc
dpf
dps
dpQ
dqm
dqs
dqz
dqI
dqU
drr
drK
dse
dsi
dso
dsz
dsH
dtk
dtH
dtM
dtX
dug
duW
dvb
dvD
dwc
dwh
dwO
dyg
dyn
dyA
dyZ
dzv
dAG
dEA
dRh
dRt
dTw
dTI
dUa
dUu
dUZ
dVc
dVi
dVA
dVC
dVK
dVW
dWE
dWR
dWW
dXv
dXI
dXL
dXX
dYI
dYO
dYV
dYY
dZt
eaB
ebJ
ecv
ecU
edA
edK
edV
eem
enI
etN
euh
eui
euk
euQ
euT
evm
ewD
ewQ
exP
exV
eyC
eAk
eAE
eBk
eBJ
eBL
eCq
eCw
eDn
eDz
eDZ
eEa
eEe
eEt
eEH
eFd
eFr
eGz
eGD
eGV
eHN
ePs
eWT
eYc
eYN
fah
faP
fbt
fbv
fbB
fbR
fbW
fcg
fci
fcX
fda
fdd
fdq
fdt
fdH
fen
fep
fgJ
fiO
fjd
fjE
fjU
flf
fss
fwD
fAu
fAw
fAx
fAB
fAF
fAT
fBi
fBM
fBZ
fCf
fDg
fDw
fDF
fDO
fEa
fEk
fEI
fEJ
fFy
fFC
fFQ
fGL
fHb
fHj
fHG
fIy
fJW
fKt
fKH
fKY
fLm
fMO
fNQ
fOx
fOD
fOJ
fOP
fOU
fTj
fVC
gdP
geK
gfb
gff
gfr
gfR
gfZ
ggn
ggz
ggE
ghu
ghx
ghI
ghV
gij
gjG
gjK
gjV
glC
glE
glH
gmy
gmR
gnD
gnN
goa
goo
gou
gpy
gpF
gqq
gqV
grH
grP
gsy
gHz
gHN
gHV
gIc
gIT
gJa
gJf
gJn
gJN
gJW
gKH
gKK
gNJ
gOs
gPa
gPt
gPF
gRh
gSu
gSx
gSB
gTF
gUj
gUO
gVF
haP
hjZ
hle
hlh
hma
hmi
hmT
hnD
hnR
hnT
hoO
hpq
hps
hpu
hpA
hpW
hqy
hqD
hrr
hrs
hrv
hry
hrA
hrH
hrQ
hsa
hsu
hsW
htf
hti
htA
huJ
hxL
hxW
hyf
hyg
hyh
hyp
hyA
hyB
hyG
hFv
hGS
hII
hNZ
hOC
hQl
hQm
hRr
hRI
hRS
hRU
hTv
hTG
hUj
hUQ
hVa
hVR
hWG
hXl
hXy
hXJ
hYd
hYh
hYj
hYO
hYS
hZD
hZS
hZT
iao
iaH
ibj
ibS
ica
icT
ijC
imP
irR
irU
irZ
isc
iss
isK
isT
itl
iuP
ivg
ivY
iwf
ixh
ixk
ixv
ixK
ixM
ixZ
iyc
iyy
iyz
izA
izN
iBZ
iCt
iCA
iDj
iDI
iDS
iEX
iFg
iFG
iVU
iWb
iWB
iXL
iXO
iYu
iYz
iZv
iZN
iZT
jav
jbo
jbQ
jcw
jdB
jdP
jeN
jfU
jgF
jhd
jhu
jhM
jig
jit
jiN
jja
jzc
jzG
jAo
jAA
jAF
jBh
jBl
jBy
jBF
jCI
jDe
jDz
jDD
jDT
jEd
jEu
jEw
jEH
jEI
jET
jFr
jGa
jGT
jHg
jHi
jHu
jJX
jLj
jMe
jMl
jSl
kct
kcy
kdj
kei
keV
kff
kfh
kfj
kfk
kgf
kgV
khh
khG
khT
kiB
kjl
kjv
kjx
kjJ
kkw
kkT
klP
kmi
kmR
knj
koq
kor
koA
kpE
kqh
kqq
kqz
kqM
kDy
kGA
kGQ
kGZ
kHr
kHM
kIh
kIq
kJl
kKb
kLk
kMG
kMM
kNb
kNK
kNR
kOc
kOK
kOS
kPu
kPx
kRO
kSj
kSp
kSw
kSL
kTW
kTZ
kXZ
kYJ
lfD
lkp
lkL
lkO
lld
llz
llE
lmm
lmS
lmV
lnc
lnF
loH
loZ
lpb
lpd
lqW
lqZ
lrp
lrE
lrZ
lsi
lso
lvA
lwe
lwZ
lCL
lDV
lIX
lMQ
lMR
lMV
lMX
lNa
lOf
lOr
lOO
lPq
lPy
lQh
lRd
lRW
lSw
lSz
lSF
lSX
lTp
lTS
lXt
lXC
lYe
lYf
lZm
lZW
maa
maO
mba
mbc
meD
mlp
mpZ
mqI
mqS
mrN
mrQ
mrZ
msg
mst
mto
mty
mum
mut
muJ
mvo
mvp
mvP
mws
mwv
mwN
mxV
myV
mze
mzr
mzx
mAq
mAL
mAS
mBk
mCV
mCX
mDj
mDw
mDJ
mEe
mEs
mEV
mGd
mTS
mVF
mWO
mXN
mXO
mXW
mXZ
mYe
mYi
mYU
mZh
mZC
naz
naG
nbC
nbO
ndo
ndO
ndP
nei
neE
nfA
nfV
ngu
ngG
nhl
nhN
nhU
nuY
nxY
nyf
nyt
nyH
nzi
nzn
nAn
nAC
nBh
nBv
nBL
nBQ
nCw
nCx
nDy
nDD
nEy
nEH
nFi
nFp
nFJ
nFP
nGa
nGI
nIO
nKz
nKM
nKS
nLh
nLq
nLP
nYy
oaV
obK
obM
ocg
ocB
oeJ
oeM
ogY
ohj
ohJ
ohS
oic
oir
oja
okl
okM
okO
olg
olM
olX
omg
omQ
ono
onp
oos
ope
opv
opy
ora
ovv
oEs
oEt
oFh
oFm
oGU
oGV
oIp
oIx
oJa
oJn
oJL
oKN
oLR
oLX
oNb
oNt
oNA
oND
oNI
oOb
oQg
oQm
oRt
oRy
oSx
oSV
oWz
oYL
pbv
piM
piR
pjs
pjx
pjB
pjT
pkh
pkC
pkV
pla
pli
plx
pmb
pmm
pmN
poI
poK
ppL
pqU
prg
prq
psn
pso
psA
psU
ptX
puc
puh
pui
pul
puQ
pvy
pvP
pwk
pwo
pLN
pMI
pNe
pNo
pNr
pNB
pOU
pPc
pPN
pPY
pQg
pQt
pRc
pRd
pRe
pRw
pSq
pSY
pTg
pTH
pUu
pUG
pUN
pVj
pVy
pWH
pXa
pXv
pYr
pYS
qeP
qkX
qpo
qqG
qrN
qrV
qsE
qtr
qtR
qtZ
quU
qvj
qvp
qwg
qwM
qxI
qxO
qyh
qyl
qyC
qyN
qyO
qyS
qzn
qAg
qAH
qAM
qBj
qBY
qCi
qCN
qED
qSF
qSP
qTj
qTK
qUl
qUs
qUC
qUR
qVf
qVK
qVQ
qWd
qWh
qWj
qWk
qWH
qWM
qXQ
qZC
ram
raM
raS
rbt
rbH
rbQ
rbS
rcL
rdC
rdF
ren
reW
rfy
rgI
rgX
rrC
rvQ
rwu
rwI
rxK
ryf
rzc
rzd
rzs
rzT
rzX
rAt
rBi
rDk
rDH
rDJ
rEe
rEs
rFQ
rFV
rGd
rHc
rHq
rIa
rId
rIv
rIw
rIZ
rJq
rJy
rJU
rKe
rPH
rRs
rZo
rZr
rZJ
sae
sak
sax
saN
sba
sbm
sbN
sbQ
scr
scQ
sdc
sdg
sdG
sdV
seH
sfb
sgu
sgw
sgJ
sgU
sgX
shc
shR
ski
slc
sli
slp
sls
slG
sml
smJ
smV
sDF
sDI
sET
sFd
sFl
sFr
sFK
sFX
sGf
sGT
sHx
sHK
sIW
sJE
sJQ
sKa
sKc
sKp
sKr
sNa
sNd
sPJ
sQd
sQj
sRa
tbp
tgl
tgV
thU
tiQ
tiR
tjs
tjG
tke
tkk
tkp
tkF
tlB
tlP
tmA
tmU
tnw
too
toq
tou
tox
tqt
trn
trA
trC
tsx
tsE
tte
tth
ttw
tuA
tAL
tBC
tJW
tKE
tLx
tLD
tMA
tMJ
tMR
tMV
tNt
tNV
tOr
tOJ
tPk
tQq
tQF
tQO
tQY
tRg
tRj
tRG
tRL
tRY
tSd
tSv
tSK
tTi
tTQ
tUz
tVD
tVY
tWl
tWG
tWQ
tXq
tXS
tYw
uca
uhR
uog
uoH
upb
upl
upU
uqm
uqp
uqr
ure
urm
urF
usi
usG
usV
uum
uux
uvn
uvy
uvX
uxh
uxX
uyr
uzg
uzj
uBQ
uBW
uBX
uLP
uRk
uSE
uUv
uVi
uVP
uWz
uXf
uYH
uZl
uZr
uZF
uZZ
vad
vat
vaB
vaM
vbu
vbM
vbZ
vce
vcO
vcX
vdz
veR
vfl
vfw
vuK
vuQ
vvy
vwh
vwi
vwm
vwt
vwO
vyT
vzC
vzU
vzY
vAz
vBt
vCn
vCX
vEy
vEC
vEV
vEY
vFD
vGf
vGA
vIp
vIX
vXT
vYd
vYV
vZP
wbg
wbu
wbK
wce
wcv
wcW
wdA
weI
wfc
wfi
wfP
wgb
whf
whg
whZ
wia
wip
wiI
wiO
wjj
wjG
wjJ
wjN
wjS
wll
wlS
wlU
wmv
wrp
wsv
wtc
wts
wuV
wBz
wBC
wCq
wCN
wEc
wEA
wFw
wFA
wFO
wGC
wGH
wGK
wHg
wHC
wHV
wIW
wJf
wJt
wJC
wJM
wKC
wKR
wLq
wLs
wMh
wMm
wNV
wOg
wOi
wTz
wTA
xeS
xfj
xfI
xgg
xgq
xgv
xhB
xiC
xiR
xjd
xlw
xlQ
xmb
xmq
xmw
xmN
xmT
xmZ
xnj
xnI
xoC
xoO
xpd
xqI
xrL
xrV
xrZ
xsh
xsF
xIM
xKj
xKC
xLa
xLw
xNa
xNP
xNY
xOb
xOF
xOH
xOL
xOQ
xOW
xPh
xPH
xPN
xPP
xQf
xQl
xQV
xRo
xRp
xSh
xSy
xSU
xSX
xTW
xUC
xUJ
xUO
xVG
xVJ
xVQ
xWm
xWo
xWM
ylW
ymf
ymG
ymH
ynl
ynT
yof
yox
yoz
yqJ
yqX
yrr
yrA
yrB
yrG
yrS
ysf
ysz
ysY
ytG
ytH
ytU
ytY
yuh
yuy
yuI
yuO
yvd
yvl
ywA
ywC
ywE
yxc
yxE
yyj
yyQ
yyZ
yzg
yzk
yAq
yCa
yFp
yPu
yPU
yQn
yQp
yQB
yQS
yQX
yRP
ySG
ySR
yTF
yTS
yTX
yUp
yUz
yUO
yUP
yVH
yVV
yWf
yXo
yXG
yYk
yYO
yZg
yZX
zaG
zaO
zbb
zbV
zck
zcr
zcw
zcS
zcW
zdk
zij
zkg
ztG
ztL
zuA
zvp
zvW
zvY
zwS
zxh
zxY
zyz
zzO
zAp
zAC
zAF
zBi
zBx
zCt
zCx
zCQ
zDM
zDP
zEw
zFA
zFI
zGn
zHh
zHw
zHR
zNv
zPV
zQI
zWI
zXe
zXv
zYm
zYp
zZp
zZQ
Aah
Aaj
AaS
AbB
AbS
AbV
AcN
Adi
Aex
AeI
AeJ
AeR
AeV
AfL
AfV
Aga
Agj
Aha
Ahb
AhI
Aip
Aiq
Ajd
Ajq
Akb
Akh
Akn
AkE
AkI
AkK
AzY
AAu
AAG
AAI
ABj
ABp
ACw
ADc
ADE
ADQ
AFq
AGe
AGt
AGZ
AHH
AIe
AIC
AIY
AJn
AJF
AJO
AKe
AKJ
ALi
ALE
ALO
ALR
AMi
AMs
AMT
ANe
ANE
ANF
AOp
AOq
APr
BdF
Bep
BeC
BeL
Bfc
Bgo
Bhh
Bht
Bhv
BhL
BhX
BiG
Bjs
BlC
Bmr
BmM
BmP
Bpd
BpD
Brm
Bro
Brx
ByC
BAI
BDU
BHj
BJf
BJh
BJA
BJG
BJK
BKl
BKu
BKM
BKZ
BLp
BME
BMS
BNl
BOi
BOC
BPY
BQp
BQu
BQA
BQY
BRx
BRC
BTN
BTX
BUf
BZJ
Cap
Ckv
Clp
ClS
ClZ
Cma
Cme
CmG
Cnp
Cns
CnW
Cot
Coz
Cpa
Cpg
CqV
CrM
CrY
Ctq
Cua
Cun
Cuz
CuM
Cve
Cvt
CvF
Cwx
Cxa
CxH
CxZ
Cyn
Cyt
CyR
CBn
CJC
CNW
CQy
CQB
CQL
CQU
CQZ
CRl
CRn
CRq
CRu
CSq
CTB
CTD
CTG
CTK
CTS
CUb
CUg
CUK
CVp
CVI
CVN
CXi
CXK
CXN
CYC
CZt
Dbq
Dbz
Djc
Drp
Drw
DrB
DrG
DsO
DsU
Dti
DtV
Dul
Dvt
DvW
DwF
DxB
DxN
DyL
DzS
DAR
DBx
DBA
DBU
DBV
DCQ
DDe
DDv
DDJ
DEa
DEd
DEV
DVe
DVC
DVL
DWI
DXY
DYH
DYU
DYX
DZl
Eau
EaC
Ebb
Edq
Eet
EeC
EfB
Egb
Ege
Ehq
Eid
Ejd
Ejj
Ejs
