Rs
RB
Sh
SQ
SS
Tk
Tq
TD
Un
UH
UT
UX
Va
Vk
Vz
Wc
Wv
WK
Xk
Xm
Xs
XS
Yb
Yd
Yv
Yy
Zd
ZI
aad
aaU
aca
aci
acA
acI
adf
ado
adx
aet
afb
afA
afH
afS
afU
asa
auP
auX
avh
avA
awC
awD
axT
ayb
ayA
ayR
azN
aAz
aBj
aBA
aBM
aDq
aDS
aEk
aES
aFj
aFw
aGF
aGP
aLj
aRN
aSy
aYz
aYC
aZE
aZQ
baf
bbW
bcG
bcR
bdD
bdI
bdQ
bdS
bei
bex
bfe
bfk
bfI
bfM
bfW
bga
bgF
bhi
bhF
bhJ
biC
biD
biF
biY
bjL
bke
bkt
bkX
blI
bnU
bsv
bBY
bCy
bCM
bCY
bDd
bDg
bDJ
bDZ
bEe
bEf
bEk
bEO
bFi
bGi
bGk
bGw
bGA
bGD
bGI
bGL
bGP
bHe
bHp
bIB
bIG
bJp
bJN
bKc
bKf
bKn
bKN
bLl
bLW
bMA
bOa
bOs
bPm
bQm
bTj
null
cfo
cfI
cfL
cfM
cfU
chd
cib
cir
ciw
ciN
null
ckh
clC
clM
clP
clW
cmj
cmF
cny
coC
coY
cpQ
cpV
cql
cqn
cqx
cqT
cqU
crx
crE
cte
ctw
ctB
ctZ
cJH
cKg
cKl
cKr
cKU
cLF
cLP
cLZ
cMk
cMC
cNa
cQA
cQB
cRd
cRM
cSQ
cTh
cTk
cTt
cTv
cTM
cUH
cVO
cVT
cVV
cWl
cWp
cWr
cXs
cXt
dnl
dnr
dot
doG
doY
dps
dpH
drO
dsR
dtS
dul
duy
duB
dvn
dvA
dwz
dwF
dwT
dwW
dxE
dyn
dyy
dyL
dyU
dze
dzq
dzw
dzz
dAH
dAZ
dPQ
dQw
dQF
dQN
dQR
dSq
dTt
dUk
dUD
dVa
dVl
dVG
dWw
dWH
dWS
dXr
dXE
dXR
dYB
dZi
eav
eaL
ebH
ecc
ecm
ecG
ecP
edr
edu
edx
edW
edY
eqj
etB
etQ
etU
etW
euh
eut
evR
evY
ewg
exr
ext
eyZ
ezi
ezq
ezF
ezG
ezK
eAc
eAB
eBf
eBo
eBx
eBH
eCr
eCI
eCS
eDw
eDx
eEb
eFn
eFL
eFV
eGg
eGm
eHf
eHv
eHA
eHO
eHR
eJg
eQY
eVH
eWN
eXU
eYl
eYH
eYU
eZi
eZA
eZE
faa
fat
faA
fbx
fbP
fdv
feK
feL
feP
fhH
fid
fik
fit
fiM
fjj
fjl
fjq
fks
flb
flc
fvr
fAr
fAO
fBT
fCa
fCp
fCq
fDs
fDY
fEZ
fFu
fFQ
fFY
fGq
fGI
fGY
fHZ
fIl
fIt
fJo
fJv
fKa
fLk
fLF
fMd
fMk
fMn
fMz
fMH
fNR
fOx
gbS
geg
gep
geB
geT
gfA
ggc
ggl
ggA
ghv
ghK
giu
giw
gjr
gjF
glj
glu
gmp
gmZ
gni
gpA
gql
gqF
gqH
gqW
grE
gBy
gEA
gHz
gHO
gIM
gIT
gKz
gKA
gKB
gMh
gMp
gMv
gNd
gNf
gNj
gNk
gNm
gNL
gNX
gOt
gOz
gQt
gQY
gRi
gSq
gTF
gUq
gUQ
gVb
haz
hdc
hen
hlw
hmn
hnx
hnA
hpJ
hqg
hqk
hrl
hrT
htr
htT
huv
hvo
hvZ
hwP
hwT
hxd
hxv
hyp
hyV
hzX
null
hKs
hOE
hOG
hOK
hOV
hPr
hPN
hQD
hRe
hRt
hRD
hRT
hSq
hSF
hSL
hSN
hTg
hTp
hTr
hTZ
hUa
hUK
hUX
hWf
hWj
hWD
hXo
hXx
hYu
hYB
hYN
hZG
hZS
iar
iaZ
ibn
ibJ
icd
icI
icJ
irQ
isl
isw
itL
itN
iub
iug
iup
iuG
ivQ
iwo
iwx
iwY
ixK
iyj
iyI
izf
izp
izz
izJ
iBA
iBD
iBI
iCf
iDk
iDq
iDJ
iEe
iEp
iFt
iFw
iVD
iVI
iVY
iWF
iWT
iXl
iXs
iYs
iYG
iZG
jaX
jbr
jby
jbA
jbF
jdL
jek
jev
jeO
jfj
jfM
jgy
jhc
jht
jir
jju
jjK
jzQ
jzX
jBg
jBz
jCn
jCy
jDt
jEz
jEA
jFb
jGq
jGt
jHT
jHU
jJK
jKG
jLN
jMt
jMx
jMG
jMW
jNk
jNt
keu
keH
keJ
kfe
kfv
kgg
kgV
khd
khF
khV
kin
kje
kjH
kkj
kld
klh
klY
kml
kmp
kmS
knr
knx
kok
kpd
kpN
kqr
kqL
kqT
kEH
kFQ
kGj
kGR
kIe
kIE
kIS
kJi
kJD
kKw
kKH
kMh
kMw
kMz
kMK
kNe
kNs
kNV
kOl
kOw
kQb
kQk
kQp
kQr
kQv
kSN
kSY
kUa
kUe
kUt
kYZ
lfK
ljq
lki
lkQ
lll
llL
llQ
lmh
lmU
lns
lnz
lnC
lnL
loE
loZ
lqr
lqt
lrh
lsl
lsC
lsR
ltb
ltJ
ltT
null
lui
lut
lvx
null
lwv
lwK
lxC
lxX
lJk
lNi
lNK
lOF
lOH
lPS
lSi
lSS
lTd
lTm
lTL
lTX
lTY
lUs
lVu
lVN
lWa
lWc
lWk
lXr
lZS
maF
maQ
mpM
mrh
mrU
msC
msR
msV
mtp
mtS
muU
mvn
mvr
mvy
mxg
mxr
mxz
myB
mzi
mzm
mzI
mzJ
mzV
mAh
mAn
mAr
mAz
mBd
mBB
null
mBI
mCa
mCL
mCZ
mDl
mDB
mDL
mRS
mUs
mUy
mVF
mWF
mXa
mYy
mYR
mZj
nbh
nbv
nbT
ncF
ndn
ndC
ndI
ndR
nev
null
ngb
ngm
ngM
nhh
nhr
nhs
nhX
nhZ
nih
nii
niX
nmZ
nwy
nyJ
nzh
nzp
nzN
nzP
nAe
nAz
nAU
nBk
nCf
nDE
nEe
nEs
nEt
nEu
nEv
nFa
nFt
nFx
nGk
nGm
nGt
nGA
nHg
nHl
nHF
nIh
nIp
nIR
nKe
nKn
nKQ
nLq
nLL
nPy
nXy
oaS
obx
obF
och
ocr
ocz
ocA
ocH
ocI
odc
odl
odo
odp
ods
oed
oeq
oeS
ofq
ogG
ogH
ogS
ohg
ohG
oiz
oiB
ojb
ojd
oka
okr
okz
okT
okY
olk
oln
olJ
onh
onv
onK
onO
oom
oow
ooM
opw
opy
opC
oBW
oFS
oGc
oGh
oGm
oGn
oHi
oHR
oIa
oKT
oKV
oKW
oMj
oMH
oNA
oNG
oNY
oNZ
oOd
oOv
oOD
oPe
oPj
oPF
oPS
oQe
oQO
oRn
oRy
oSp
oSx
oSC
pde
pek
pig
pii
pip
piA
null
pjf
pjQ
pki
pkS
plA
plW
pmd
pme
pmm
pmt
pmy
pmI
pmX
pno
poR
pqj
pqR
prI
psn
puu
puD
puK
puW
pvq
pwm
pwu
pww
pAZ
pLU
pMr
pMu
pMJ
pMQ
pPr
pPG
pPO
pPS
pQy
pQN
pQR
pQX
pRs
pRt
pRD
pRG
pRM
pRQ
pTi
pTA
pVa
pVs
pVz
pWu
pWG
pWT
pXk
pXo
pXq
pXv
pXy
pYP
pZY
pZZ
qaU
qke
qpi
qpA
qpR
qpV
qpZ
qql
qqm
qqn
qqB
qqF
qqU
qrc
qrE
qrV
qsw
qsV
qtw
qvx
qvS
qvU
qvV
qwf
qxd
qxn
qxR
qyd
qys
qyN
qyQ
qzl
qzm
qAB
qAY
qBe
qEu
qGj
qGY
qPt
qTD
qTL
qUf
qUg
qUF
qVf
qVS
qVX
qWe
qWo
qWw
qWM
qWS
qWV
qXP
qXU
qYi
qYq
qYK
qYP
qZc
qZk
qZX
rav
ray
rbK
rbQ
rcq
rcv
rcz
rcV
rcZ
rds
rdS
red
res
rfn
rfp
rfy
rga
rgy
rgY
rqR
null
rwc
rwi
rwn
rwD
rwY
rxr
ryl
ryH
ryY
rAU
rAX
rBz
rBC
rCa
rDz
rDK
rDT
rDW
rEI
rGc
rGp
rGK
rHy
rIl
rIP
rJg
rJk
rJq
rJD
rJN
rJT
rKi
rOz
rZn
rZP
saz
saX
sbv
sde
sdC
sdM
sel
sem
seK
seP
sgN
shf
shk
siu
siS
siZ
sjO
sjR
ska
sks
skR
skU
slk
slB
slD
slQ
slW
smM
snN
stv
svc
sEv
sEK
sEO
sFo
sGA
sGP
sHj
sHy
sHU
sKi
sKm
sKU
sLa
sLN
sMb
sMV
sNl
sNs
sNG
sNP
sOv
sPn
sQP
tgq
tgW
thE
thK
tjH
tjY
tkd
tkh
tkC
tla
tlH
tmB
tmM
tmO
tni
tnv
tnH
tos
tqk
tqq
tqH
tqK
trr
trJ
tsi
tsE
tsI
ttv
tty
tuh
tum
tuO
tJN
tJV
tKb
tKg
tKC
tLj
tLH
tNx
tNQ
tNV
tNW
tOk
tOv
tOJ
tQr
tRI
tRL
tSC
tTB
tTS
tUl
tUy
tUD
tVl
tVr
tXk
tYd
tYt
tZf
null
ucz
uot
uoI
uoJ
uph
upv
uqT
urz
usQ
utM
uuk
uul
uuw
uuJ
uvq
uvB
uvJ
uvY
uwH
uwS
uxd
uxn
uyk
uyC
uzU
uBN
uBO
uIm
uKn
uNk
uRK
uSc
uSd
uSe
uSj
uSv
uSG
uSN
uTT
uUb
uUc
uUN
uUR
uVr
uVL
uVO
uWP
uXa
uXK
uYm
uYD
uZB
vat
vaz
vbb
vce
vcz
vcV
vdn
vdP
veb
vel
vfk
vqK
vuL
vuM
vwX
vxy
vxI
vxO
vxW
vxX
vyn
vyA
vyK
vzT
vzV
vAc
vAt
vBw
vBZ
vCa
vCg
vCv
vCP
vCR
vDA
vDH
vDU
vEt
vEO
vFA
vFD
vGy
vGO
vGQ
vGU
vHz
vHE
vIE
vMy
vYg
vYq
vZc
vZg
vZl
wac
wad
wai
waD
wbv
wbx
wcp
wcq
wdW
wdY
wev
wfj
wfm
wfC
wfW
wgh
wiL
wiS
wjA
wjT
wki
wkq
wkt
wkQ
wmj
wnf
wBn
wBr
wDH
wEp
wEH
wEK
wES
wFD
wFR
wGS
wGZ
wHh
wHF
wHX
wIj
wIq
wIY
wIZ
wJq
wKF
wKY
wLk
wLH
wLO
wMn
wMy
wNX
wOd
wOt
wPh
wPr
wPC
wQU
wSJ
wZR
xcw
xeN
xfp
xfD
xfY
xhp
xhB
xin
xjf
xkl
xkF
xkI
xkM
xkN
xlw
xlS
xlX
xmT
xnS
xoC
xpt
xpW
xqc
xqi
xqu
xsG
xsV
xtc
xtk
xtu
xIW
xJG
xJQ
xKP
xLA
xLR
xMG
xOd
xOu
xPg
xPI
xQI
xRy
xSl
null
xSv
xSB
xSK
xTg
xTR
xUI
xUZ
xVK
xVW
xVZ
xWf
xXx
null
ylT
ymf
ymU
ynl
ynv
yoP
yoT
yoY
ype
ypi
yqr
yqD
yqV
yrt
yrM
ysz
ysC
ysK
ysT
ysZ
ytK
yuA
yuD
yuU
yvH
yvJ
yvO
ywT
yxL
yzi
yzw
yzP
yLs
yLK
yPx
yPE
yPJ
yPU
yQK
ySr
ySF
ySV
yTx
yTQ
yUd
yUn
yUr
yUF
yUM
yWy
yWV
yXg
yXv
yXG
yXI
yYm
yZm
yZt
yZz
yZS
zag
zap
zaq
zbq
zbO
zbT
zbX
zdm
zdt
zdW
null
zsm
zsO
zsZ
zuN
zxi
zyJ
zyP
zyY
zyZ
zzG
zzK
zBH
zCo
zCz
zDg
zFf
zGO
zHm
zIf
zWu
zYj
zYl
zZb
zZh
Aak
Aau
AcA
AcR
AcS
AdR
Aes
Aew
Aex
Aey
AeE
AeG
Aff
AfI
Agb
Agm
AgS
AgT
AhL
AhU
AjK
AjP
Akf
AoA
AtY
AwJ
AAk
ABj
ABo
ADQ
ADT
AFi
AFr
AFt
AGk
AHI
AIl
AJd
AJg
AJr
AJw
AJK
AJN
AJT
AJZ
AKf
AKN
AKU
ALx
ALY
AMc
AMd
AMf
AMx
AMW
ANu
ANV
AOa
AOi
AWN
BdL
Beq
BeT
Bfb
BfD
BfG
BfH
BfZ
BgI
BhY
BiE
Bjk
BjW
Bkm
Bkr
Bkt
Blh
Bll
Blo
BlZ
Bme
BmQ
Bni
BnD
BnT
BoZ
Bph
BpC
BpL
Bqy
Brq
Brx
Bsc
BGU
BHf
BHG
BJh
BLY
BMH
BMR
BMX
BND
BOr
BOx
BOy
BOP
BPc
BQn
BQp
BQr
BQB
BSg
BSt
BSA
BSC
BSH
BSX
BTl
BUD
BXZ
CmB
CmN
Cot
Coy
Cpc
Cps
Cpv
Cpz
CpD
CpJ
CqA
CrJ
CrM
CrN
Csl
CsJ
Cum
CuN
CuO
Cvk
Cvw
CvL
CwH
CxU
CyT
CyU
CLS
COD
COE
COM
CPF
CQu
CQv
CRs
CRy
CRY
CTU
CUR
CUW
CVp
CVI
CVS
CWs
CWD
CWE
CWT
CWU
CXl
CXR
CXV
CYW
CYX
CZT
CZV
DaA
Dcq
Dns
Drm
DrQ
Dsf
DsN
DsS
DtE
DtG
Duh
DuH
Dvt
DvL
DwR
DwZ
DzN
DAA
DBk
DBw
DBL
DCi
DCF
DCY
DEg
DEt
DEZ
DFg
DFB
DJA
DPR
null
DVd
DWh
DWJ
DWM
DWR
DXn
DXp
DZw
EbS
EcJ
EcZ
Edu
EdA
EdI
Eeo
Eex
Efh
Efj
EfW
Egl
EgA
Ehg
Ehp
EhP
EhQ
Eij
Eiz
EiN
EiW
Ejp
Enz
