friendly_needle
casual_pop
glad_refrigerators
full_thirty
religious_fashion
strange_thursdays
tan_yard
indirect_actions
french_parcels
favourite_blast
successful_pears
glorious_discrimination
intelligent_reproduction
spatial_plant
compatible_grade
painful_aluminums
personal_forces
cultural_encounter
loose_facepieces
occupational_collar
furious_boresight
stiff_wardrooms
civic_piston
representative_maneuver
australian_challenges
integral_wedding
round_trainers
old_confusion
frightened_river
wicked_courtesies
glorious_dam
basic_entrances
joyous_paper
blind_chief
cold_tubing
rational_pick
above_leadership
fantastic_rap
sacred_resistors
rational_possibilities
prominent_adherences
interested_interrelation
mushy_propulsions
given_backup
naughty_seam
inadequate_motions
rubber_oceans
fellow_cruiser
voiceless_ribbon
tender_joints
red_housings
conscious_shears
satisfied_grasp
successful_defenses
english_cements
proud_dolly
probable_transfers
bright_fruits
familiar_airplane
multiple_refund
chilly_women
big_interval
functional_doubt
bloody_utilizations
spare_hardness
criminal_persons
dirty_preference
unchanged_variety
elegant_jug
curved_thirteen
personal_hygiene
beautiful_chair
sharp_weldings
scattered_mist
hot_sun
quickest_prime
modern_flush
total_turn
supposed_hints
olympic_honks
depressed_sight
artificial_dimensions
southern_curvature
bored_interview
legal_sheds
integral_keyboards
major_growths
static_ditto
worried_screws
