    private final long TIMEOUTSEC = 200;
    private final int alarmLmt = 400;
    private final double tempChange = 0.95;
    private final int MAXITER = 200;
    private final int MAXOUTER = 3000;
    private final double percentKicked = 0.3;
    private double initTemp;



    java Solver/ScriptSolver 5 22 
Done
Started..
Entering Solve....
Global improvement. Best so far is 35421968795400
Global improvement. Best so far is 35762802285000
Global improvement. Best so far is 36844462559500
Global improvement. Best so far is 38351327362200
Global improvement. Best so far is 39552731955200
Global improvement. Best so far is 40633479752700
Global improvement. Best so far is 40669774751200
Global improvement. Best so far is 40845779514900
Global improvement. Best so far is 41033781303400
Global improvement. Best so far is 41563623466400
Global improvement. Best so far is 41965383346600
Global improvement. Best so far is 42042290128400
Global improvement. Best so far is 42521385937600
Global improvement. Best so far is 42879581976300
Global improvement. Best so far is 43528502286400
Global improvement. Best so far is 43839493223600
Global improvement. Best so far is 46532979160700
Global improvement. Best so far is 52087069605500
Global improvement. Best so far is 52497211654500
Global improvement. Best so far is 52785999769800
Global improvement. Best so far is 53513523690700
Global improvement. Best so far is 53756743348800
Global improvement. Best so far is 53836127393900
Global improvement. Best so far is 55166491935600
Global improvement. Best so far is 59080963967800
Global improvement. Best so far is 59318597076900
Terminated!
=====Percentage Profit is: 168.38876465667286
Done
Started..
Entering Solve....
Global improvement. Best so far is 10368162
Global improvement. Best so far is 10384196
Global improvement. Best so far is 10436679
Global improvement. Best so far is 10452134
Global improvement. Best so far is 10461990
Global improvement. Best so far is 10523836
Global improvement. Best so far is 10603124
Global improvement. Best so far is 10610787
Global improvement. Best so far is 10618942
Global improvement. Best so far is 10646485
Global improvement. Best so far is 10711899
25% done.
50% done.
75% done.
10711899
Ready!
Finished!
=====Percentage Profit is: 1.0711899
Done
Started..
Entering Solve....
Global improvement. Best so far is 107394591506
Global improvement. Best so far is 107395101719
Global improvement. Best so far is 107424090649
Global improvement. Best so far is 107428522876
25% done.
50% done.
75% done.
107428522876
Ready!
Finished!
=====Percentage Profit is: 1.0005060851201415
Shit
Shit
Shit
Shit
Shit
Shit
Done
Started..
Entering Solve....
Global improvement. Best so far is 3586989052
Global improvement. Best so far is 3597363122
Global improvement. Best so far is 3599445171
Global improvement. Best so far is 3609947978
Global improvement. Best so far is 3614800076
Global improvement. Best so far is 3628818808
Global improvement. Best so far is 3632559436
Global improvement. Best so far is 3648508778
Global improvement. Best so far is 3652324400
Global improvement. Best so far is 3657862191
Global improvement. Best so far is 3668267858
Global improvement. Best so far is 3670622233
Global improvement. Best so far is 3674834865
Global improvement. Best so far is 3676858652
Global improvement. Best so far is 3680498721
Global improvement. Best so far is 3681167482
Global improvement. Best so far is 3682094643
Global improvement. Best so far is 3685403468
Global improvement. Best so far is 3685409324
Global improvement. Best so far is 3686708960
Global improvement. Best so far is 59671587434800
Global improvement. Best so far is 3690670917
25% done.
Terminated!
=====Percentage Profit is: 1.2573361762021302
Done
Entering Solve....
Global improvement. Best so far is 984005778800
Started..
Global improvement. Best so far is 1181891643700
25% done.
Global improvement. Best so far is 1229156050200
50% done.
75% done.
Global improvement. Best so far is 1359443421100
1359443421100
Ready!
Finished!
=====Percentage Profit is: 3.362120614292574
Done
Started..
Entering Solve....
Global improvement. Best so far is 58329301
Global improvement. Best so far is 59957957
Global improvement. Best so far is 60005674
Global improvement. Best so far is 60241130
Global improvement. Best so far is 61334034
Global improvement. Best so far is 63159662
Global improvement. Best so far is 63469288
Global improvement. Best so far is 63545332
Global improvement. Best so far is 63630386
Global improvement. Best so far is 64345821
Global improvement. Best so far is 64636307
25% done.
Global improvement. Best so far is 64720121
Global improvement. Best so far is 64720872
Global improvement. Best so far is 59883615534100
Global improvement. Best so far is 61234821240400
Global improvement. Best so far is 64018282253700
Global improvement. Best so far is 65965097009000
25% done.
Global improvement. Best so far is 65196418
Terminated!
=====Percentage Profit is: 8.088625688082727
Done
Entering Solve....
Started..
Global improvement. Best so far is 3198974228
Global improvement. Best so far is 3198990021
Global improvement. Best so far is 3199194586
Global improvement. Best so far is 3199850374
Global improvement. Best so far is 3199954284
Global improvement. Best so far is 3201440194
50% done.
Global improvement. Best so far is 3201810460
Global improvement. Best so far is 3693534765
50% done.
Global improvement. Best so far is 3202113605
Global improvement. Best so far is 3202468175
Global improvement. Best so far is 3203155608
Global improvement. Best so far is 3203162910
Global improvement. Best so far is 3203299685
Global improvement. Best so far is 3203494694
Global improvement. Best so far is 3203536748
Global improvement. Best so far is 66167883
75% done.
25% done.
Terminated!
=====Percentage Profit is: 1.0085552282493382
Done
Entering Solve....
Started..
Global improvement. Best so far is 430952205878
Global improvement. Best so far is 431002197138
Global improvement. Best so far is 431021001454
Global improvement. Best so far is 431046710705
Global improvement. Best so far is 431070431251
Global improvement. Best so far is 431092975648
Global improvement. Best so far is 431131616359
Global improvement. Best so far is 431240055606
25% done.
50% done.
75% done.
431240055606
Ready!
Finished!
=====Percentage Profit is: 1.0040589973945309
Done
Started..
Entering Solve....
Global improvement. Best so far is 7185723092
Global improvement. Best so far is 7187718177
Global improvement. Best so far is 7192054004
Global improvement. Best so far is 7197598972
Global improvement. Best so far is 7209587944
Global improvement. Best so far is 7221766619
Global improvement. Best so far is 7229225523
Global improvement. Best so far is 7231213469
Global improvement. Best so far is 7234120096
Global improvement. Best so far is 7241977846
Global improvement. Best so far is 7242821806
75% done.
Global improvement. Best so far is 7243831449
Global improvement. Best so far is 7244555852
Global improvement. Best so far is 7245563920
66167883
50% done.
25% done.
Terminated!
=====Percentage Profit is: 1.0796732163971163
Done
Started..
Entering Solve....
Global improvement. Best so far is 291614381
Global improvement. Best so far is 292371063
Global improvement. Best so far is 293617783
Global improvement. Best so far is 294082287
Global improvement. Best so far is 295474481
25% done.
Global improvement. Best so far is 7245592420
Global improvement. Best so far is 7245985188
Global improvement. Best so far is 7249039412
Global improvement. Best so far is 7251952496
50% done.
50% done.
75% done.
295474481
Ready!
Finished!
=====Percentage Profit is: 5.411620531135531
Done
Entering Solve....
Started..
Global improvement. Best so far is 12503449752
Global improvement. Best so far is 12503724820
Global improvement. Best so far is 12504412510
Global improvement. Best so far is 12504672921
Global improvement. Best so far is 12506008898
25% done.
Global improvement. Best so far is 12508759228
50% done.
Global improvement. Best so far is 12510034902
75% done.
12510034902
Ready!
Finished!
=====Percentage Profit is: 1.00080279216
Done
Started..
Entering Solve....
Global improvement. Best so far is 431965403224
Global improvement. Best so far is 432038381122
Global improvement. Best so far is 432096430385
Global improvement. Best so far is 432141249929
Global improvement. Best so far is 432212278933
Global improvement. Best so far is 432257106676
Global improvement. Best so far is 432351203489
Global improvement. Best so far is 432374037425
Global improvement. Best so far is 432429687605
Global improvement. Best so far is 432448965070
Global improvement. Best so far is 432472678803
75% done.
3693534765
25% done.
75% done.
50% done.
50% done.
75% done.
432472678803
Ready!
Finished!
=====Percentage Profit is: 1.006928921918601
Done
Started..
Entering Solve....
Global improvement. Best so far is 444283331512
Global improvement. Best so far is 444750147101
Global improvement. Best so far is 444805218675
Global improvement. Best so far is 445045121554
Global improvement. Best so far is 445133525067
Global improvement. Best so far is 445692675010
Global improvement. Best so far is 445920013859
Global improvement. Best so far is 445976497104
Global improvement. Best so far is 446098129665
Global improvement. Best so far is 446436417983
Global improvement. Best so far is 446830965335
3203536748
7251952496
25% done.
Global improvement. Best so far is 446846126975
50% done.
Global improvement. Best so far is 446953857008
Global improvement. Best so far is 447221140542
75% done.
Terminated!
=====Percentage Profit is: 1.0412678603225545
Done
Started..
Entering Solve....
Global improvement. Best so far is 2961106745
Global improvement. Best so far is 2963114480
Global improvement. Best so far is 2984681334
Global improvement. Best so far is 2986899894
Global improvement. Best so far is 2991621087
25% done.
Global improvement. Best so far is 2995611512
Global improvement. Best so far is 2996170254
Global improvement. Best so far is 2999883967
50% done.
Global improvement. Best so far is 3006298671
75% done.
3006298671
Ready!
Finished!
=====Percentage Profit is: 1.0467067428525136
Done
Started..
Entering Solve....
Global improvement. Best so far is 106204212
Global improvement. Best so far is 108920816
Global improvement. Best so far is 110342094
Global improvement. Best so far is 111520340
Global improvement. Best so far is 111739010
Global improvement. Best so far is 112530034
Global improvement. Best so far is 112907060
Global improvement. Best so far is 114313023
Global improvement. Best so far is 114961732
Global improvement. Best so far is 115171859
Global improvement. Best so far is 115604354
Global improvement. Best so far is 117771353
Global improvement. Best so far is 118193679
Global improvement. Best so far is 118524147
Global improvement. Best so far is 118626178
Global improvement. Best so far is 118712820
Global improvement. Best so far is 119250940
Global improvement. Best so far is 120287706
447221140542
Global improvement. Best so far is 122121466
25% done.
50% done.
75% done.
Terminated!
=====Percentage Profit is: 1.22121466
Shit
Shit
Shit
Shit
Shit
Shit
Shit
Shit
Shit
Shit
Shit
Shit
Shit
Shit
Shit
Shit
Done
Entering Solve....
Started..
Global improvement. Best so far is 3929033158
Global improvement. Best so far is 3954775851
Global improvement. Best so far is 3970979791
Global improvement. Best so far is 3983648967
Global improvement. Best so far is 3991709066
Global improvement. Best so far is 3997866114
Global improvement. Best so far is 4003782771
Global improvement. Best so far is 4010682201
Global improvement. Best so far is 4011095388
Global improvement. Best so far is 4012314639
Global improvement. Best so far is 4014518470
Global improvement. Best so far is 4015186490
Global improvement. Best so far is 4023516749
Global improvement. Best so far is 4023724417
Global improvement. Best so far is 4024866114
Global improvement. Best so far is 4024974800
Global improvement. Best so far is 4029438554
122121466
Global improvement. Best so far is 4031786689
75% done.
Terminated!
=====Percentage Profit is: 1.2015660670399666
Done
Started..
Entering Solve....
Global improvement. Best so far is 18292422
Global improvement. Best so far is 18367235
Global improvement. Best so far is 18473268
Global improvement. Best so far is 18514632
Global improvement. Best so far is 18525743
Global improvement. Best so far is 18536338
Global improvement. Best so far is 18612686
Global improvement. Best so far is 18646756
Global improvement. Best so far is 18817129
Global improvement. Best so far is 18817674
25% done.
50% done.
75% done.
Global improvement. Best so far is 18941030
18941030
Ready!
Finished!
=====Percentage Profit is: 3.186822616191981