c
f
n
I
K
0
M
s
2
O
X
u
4
A
Z
w
6
i
E
G
9
R
o
V
H
1
J
g
p
L
Y
r
5
t
7
v
B
_
F
S
l
y
8
JQ
XZ
qC
kN
hE
cn
B0
v_
zQ
I_
CY
U1
T4
lN
B2
xT
XY
hw
ou
q0
qG
r1
U_
d8
IQ
FV
uM
sD
gt
pC
q2
56
B6
gV
aw
nw
xY
dy
q4
lH
u6
fM
HJ
U9
kM
48
eQ
nF
OT
u3
rU
MZ
oB
R0
aF
M3
cM
NW
A4
s9
pv
gH
DY
aX
MV
pZ
ES
IO
j5
fL
y9
GV
jZ
eY
vR
fA
GS
LT
y_
c2
R9
zJ
t0
QS
gF
gM
IL
bI
uX
ER
G0
mP
PZ
oR
dP
yC
dw
fH
U3
W8
eR
mo
gX
Y6
fZ
V0
DW
qP
eH
dS
oZ
W3
JU
C0
dF
fw
LM
wz
xy
eZ
HY
rt
fm
F2
gi
kX
eq
FQ
CD
r5
ks
k_
K1
DR
sY
z3
hm
ax
yB
s2
t4
OZ
KZ
T3
yD
sW
OX
L0
ix
mK
10
ap
pr
L5
ET
ew
pw
WX
C5
RV
g0
RZ
cK
g4
40
cq
p5
mE
mZ
au
x3
kS
hz
fn
wE
14
K2
wR
h0
f_
cp
j1
SY
ae
X4
gN
pH
gU
yH
bB
gK
19
ty
i4
q3
hu
bG
KY
rA
ho
HK
V3
t5
il
59
sK
rJ
ip
eC
dj
gu
S5
17
DE
o2
fl
nI
fY
oJ
sw
lX
xL
w5
j_
IM
cu
jE
c4
23
gY
C1
DQ
u9
iP
mv
y3
IS
z0
lu
i2
eX
iS
bE
co
s1
lo
Y0
uY
hR
X_
I7
lL
PV
tw
mA
oy
JL
dl
MO
sU
dC
do
oC
qD
vO
j2
mF
av
T_
KX
tX
cG
M9
AB
K5
QT
wV
sN
lB
V1
k8
F6
wW
zS
rV
bK
x5
iu
J_
yV
tK
NR
O_
JW
BR
KO
P7
h_
iR
EU
c3
C6
K9
fp
UZ
M6
tP
qz
J4
x_
vN
60
vC
kwK
lEU
bgk
bgD
uS8
coS
nM9
ptR
uDH
cNX
PU3
iv6
eKN
dIY
zR5
dj5
ltN
hj7
ek4
TX8
hL9
aY0
gQ0
B20
mpW
fjm
mIV
JNU
GT5
cv9
lA0
IQ3
vQU
KO2
MQV
rJN
hFP
dM3
GX3
C3_
L23
dkv
cfQ
zAT
wQW
eFV
sO7
irW
LOT
bI9
qtL
EY4
dzB
fmI
iwK
cl6
hrQ
sY8
dp9
uCY
pH_
crW
sX_
bGO
nCX
nU5
nwM
b6_
I9_
eiv
bf8
AOP
EI6
hl_
uI5
dw5
kH_
hIM
dy7
gzO
czE
AG2
rDJ
cfD
jnD
aAY
fkp
dCK
gj5
dfP
uC_
FS9
j67
EQS
tR6
ftO
AW7
iGS
lrx
DMW
vGM
TWX
avV
beg
sFN
S14
eg8
hl2
x23
fgT
IM7
gx_
pJK
nCS
ps8
rJ3
bip
AZ0
pyH
lO8
hKW
ELZ
dIT
LM2
NQ8
ik8
qy1
pUV
dLM
i14
byK
y23
ovP
pCN
im2
aF3
cA8
qsE
bpt
ghQ
pTZ
qER
uH2
uDP
aKU
rxF
DW6
r24
HK7
my1
mJQ
oru
zB7
jL6
kN0
hM3
zJU
sLO
DKY
fNZ
cjt
mG8
HO2
gB3
KX0
jVX
HL_
xVX
cmx
itv
UV_
wAV
fAZ
kU_
hls
H19
MR0
ftW
MW5
bG6
MQ4
brW
hIV
T49
mt4
loD
fF1
yU5
kHY
etM
mNX
gtT
eNQ
wEQ
fN6
vI5
lw5
hC2
uFW
cik
fJ0
osz
hH3
kLX
iH9
azR
ciV
GW2
eAC
rL_
x49
kO0
wWX
dlq
CLP
aox
opv
b23
cG5
mT4
340
DJO
cOR
fw5
kBH
sY3
bB1
tB9
nxG
cm7
eGQ
t39
aJV
mN5
vM2
tHQ
jrM
LPX
xX5
oCS
gzZ
rGX
iZ7
oQ7
esu
bZ7
uAN
cwJ
BEI
vLO
JR_
fT3
fQR
yQX
bvE
F58
qv9
eEN
HQX
ds9
bxO
yIV
fm0
tw0
kt_
eoS
tu5
G18
wJR
bCN
qO3
iRT
zM_
iOQ
bvC
mE7
hkX
gOR
kAY
lIX
giw
aI_
cJ6
OV0
bgJ
dyN
qtR
oRW
imC
hz0
iy0
tvY
BKQ
jFH
hsL
cI4
kz1
bH1
efE
vCQ
cJ2
joW
EY_
lHU
iI7
GV_
AEG
dJ_
bN5
GQ0
iNY
hU9
rFO
tCF
fBG
RT9
PYZ
kvG
ho2
dnO
S6_
AV9
BJT
W26
jnq
szZ
ftX
hK8
gzB
hI2
ac8
cmU
vIN
ov7
rH_
AJ_
DJ7
CJZ
mV7
hmn
jJ_
mu1
cV6
zRZ
cDX
huA
dPR
ctR
vxP
pY4
kR7
BQZ
tN8
bEW
gLO
afC
psU
fD5
mp0
MS8
hm6
btE
CTZ
c80
nCY
w17
vFQ
nX8
uAX
hyI
oN9
b36
tCV
ksu
jo5
aqz
gu5
loZ
kIN
mAP
b1_
sY_
iuM
mo6
nA8
cvB
ehB
BNW
DJX
EJO
qAQ
jow
ev4
jK6
BUV
dV4
EX5
E45
qN4
otZ
cfM
kP5
pO0
v69
dh3
isF
bu8
crv
gq1
dkM
GO5
AMW
dhP
FR7
kn9
rz6
yA2
kC8
ADL
qE5
uN6
cZ9
pV0
ou9
fs4
itG
dtS
DO3
b7_
txO
JNR
pxK
rBL
nvS
eT_
uGV
a26
lJV
DU4
o24
wLT
mqR
dGV
IR6
wS_
gio
RY_
uvR
pO3
pCM
aes
hyU
HTU
xZ_
D19
u24
AF6
dqw
ft8
xJK
uMO
oY8
py0
oGM
m17
oFN
luI
X19
opH
HS3
BEU
hQ4
oU1
sGK
qvM
sS3
dhi
QUV
rO6
xyT
yTX
nsN
msK
EX3
LT7
iyF
sxH
gCJ
uBM
g47
DGL
cgm
jtF
cw5
kxG
kHR
eoQ
dC0
kXY
uyB
DNT
BM1
wGU
btO
vw_
z16
orP
dek
yOY
oAL
oq3
mx_
qIQ
loC
ops
gZ6
suT
jku
bcJ
KR5
jwQ
bBJ
mDH
g9_
rZ1
wKM
aRT
H40
uyX
hsF
AO_
OX3
be5
nqP
qBG
CMS
jK2
xLT
hw6
tP9
wyW
jC8
BCI
alT
acW
a49
ci6
GV4
asW
btL
xCN
JW2
iyM
HP9
CL3
cC_
OU8
EM5
aMT
WX5
sV_
bxD
oHU
lvN
alz
eHK
lqB
sF9
oY6
lJ4
nX5
cEJ
jz0
osZ
sPT
GQ7
inz
qr7
bnO
lzP
JL9
oP4
hFG
dxO
jsO
KZ0
ayz
uwM
ez6
xIQ
al7
afo
hPS
HQU
EHR
DFS
qw7
lUY
zX9
BMQ
deO
mTZ
qF5
opu
hnG
jlY
nOQ
IK6
DL5
uRX
rwB
jkr
IV6
tIT
tuA
Z28
aIP
zPW
jG9
ijp
mE4
LQV
fTX
vAN
tyE
hBF
mDF
HS7
pKQ
dK3
hqI
wH5
qyQ
zOZ
EF1
EGW
xEY
dOU
nvO
CL5
or5
fW0
SU_
bfh
Z10
klz
D48
eu8
gux
aR9
EMQ
oAU
JO4
lou
yL_
y80
cRW
az2
uLQ
kq9
tNR
O12
yP6
hoC
tU0
kI4
FHV
oQ5
kr9
wCI
etx
lTY
vwS
hB1
lqT
nGQ
kvH
qNW
cgq
lF8
ixU
uxA
no8
kKN
rDI
A14
P30
cO9
vz8
yD7
rw8
Z26
noV
gxA
rM0
R6_
lr1
M69
bqV
qxG
KPZ
CIP
YZ9
ovE
mLY
BY6
hLQ
HT_
cET
gU4
oT2
bL3
eK6
mN2
fzO
duZ
eq2
dL_
evx
kCV
ntY
ry0
jmw
NQY
U16
vQ8
bU2
dqt
hiZ
oH3
lCM
AJ7
HN6
uxK
JNO
fF6
tU6
hK6
gzU
az4
tS2
h7_
hv3
bm4
jyR
v9_
bKO
mrM
ix8
BPW
fmQ
vwU
cfU
iIN
fG0
wxJ
giW
rvA
glT
LNQ
qxE
qAJ
rv5
ntv
gzN
blG
FO1
cAU
fgK
nPZ
cv4
CU1
jFR
ay2
PQX
axP
ptO
efX
FL9
jRY
yDM
i68
yN9
er8
gpE
DM0
biI
pN1
s16
ck3
grA
QXZ
rvF
jmu
eE9
wR7
GJP
GMP
EHI
qsX
mN4
gBC
cwG
gY2
mE8
lGO
su0
wEX
C5_
n45
yJ9
DJQ
qMN
eL8
fL6
t24
ES9
FSU
INO
cFX
xEO
iuO
jqI
wCU
FR4
v12
juY
RT0
yzB
lEK
sH0
jW1
bY8
qF7
IWY
dtN
qL4
oR1
lnE
LR0
m47
rwz
jsY
uP5
iDP
g5_
elx
wzS
AE_
dC1
czG
kqD
p25
mDS
abd
rv3
D10
BP9
fWX
eFY
AT6
lrM
sR3
rHK
U12
YZ5
jqL
bwZ
yC9
dj6
bly
pAI
sK0
hzH
jms
yI2
hn1
fm3
EHZ
AR7
iK0
lps
rOT
pHY
mJ9
adu
lCI
irS
cfJ
ry2
HW3
qEW
xMT
knE
tY5
ioP
dxG
ER2
rDO
cei
MNU
yFG
RW5
rTY
vwI
bNR
hq3
cl7
pKO
dr3
hwV
AKX
itA
oLX
LMV
tE_
XZ_
zZ6
kz0
rtP
sP5
erw
m18
JT6
jsW
cHM
W28
APV
kqB
lmN
CKV
iow
PV3
sZ5
xV1
psS
j18
GL_
uwK
zQ0
hJ6
EV4
jG1
fgG
apR
xDF
nBZ
j4_
tP8
juE
hiS
OR1
vEG
fr4
ovZ
dnq
pz2
CJM
bN1
kwI
esJ
aR1
EMY
dPS
nIW
FU8
iOT
iDJ
bgA
cHN
rw9
mIP
lA3
J16
irU
ij2
LM3
qtN
zQ3
xDE
hDL
zIX
iz5
ctN
ksA
xyM
c37
GM0
cOW
qA6
oqs
afS
amC
hrx
xES
BC1
IU7
fEZ
uDI
osX
kIX
P10
suz
CMW
pqV
W6_
fuE
lrI
LZ3
aF0
joL
DG1
qxO
eyV
nQ_
nAV
hG7
wKN
glF
gl9
zNP
ajz
HU2
ryH
bGM
yXY
oAW
lr6
bT1
xYZ
bZ5
qSX
JWZ
mFJ
cP7
GMO
ces
noK
hlV
BDQ
BCN
vFX
jkE
I28
ikq
IOY
dGM
rE6
nz3
nwU
UZ4
iF4
kyE
nPR
kP0
ru9
j36
f7_
gCZ
kNZ
ER9
mx3
cd9
kAT
pw1
oIP
jox
iv7
dpQ
kM0
pV5
TZ5
qEP
dtX
fyN
kK8
ouD
rS4
tV0
IW5
itM
AEJ
h8_
AVZ
kow
vJT
ers
bIR
mTY
sG1
j69
rx5
eqx
wL1
fz6
eKO
aci
ceN
AC1
IS7
ajV
ajG
eUW
kB5
hsv
fx4
v1_
kz7
f69
fvS
iDN
ahv
bzM
eyC
APS
emQ
sGH
bpR
lA7
sO2
GL6
kEM
hwH
itO
hQS
bIU
EMR
DUV
dj3
koV
dy8
ry5
ABW
erT
dzR
wV_
b18
HRY
emG
qQ7
xQV
v25
iHN
sC_
yAM
sH8
lTU
bY0
ixy
fQX
wCJ
zLS
mH1
kHM
fJU
ST3
bxI
GLQ
eZ2
ajH
fsZ
hz7
knq
swT
elp
JKY
wx4
akC
jq3
cpN
ouB
uCI
qX3
uW0
kpt
lr2
aeE
bTV
OP4
sUV
ipP
fyA
IJR
iG1
buC
imq
k25
pvB
hlp
pPR
fB1
W18
hp7
eM8
xT1
koy
B70
rEP
wzK
mCT
mXZ
myO
hCF
mDV
oM1
pR2
hGR
FPU
egp
vEU
iC1
bkF
jpJ
zBK
sv8
bG_
FT0
jlr
azV
HWY
br8
iU_
nGH
efT
O30
IKY
pY9
jZ1
izF
ayJ
ABK
JOR
vZ5
bJ7
gpV
cM9
jyQ
dw_
qy6
APR
cgO
oW2
drQ
glX
GQU
eQ6
yER
sPZ
kpv
cfR
JOX
sN1
gCY
bjV
u17
LNR
fCG
lpN
sO4
K34
yNS
hsx
P56
eY4
bT7
mGN
ay5
bx4
hiT
wFQ
aey
emN
bDY
bl8
vD_
CGV
cp8
zNZ
rYZ
bzR
vE_
TW4
oFW
bW0
vDL
GPR
vA8
rt1
nE0
jv3
nV5
hjJ
noA
uvK
uI7
hpy
tG5
ceR
wB8
eV5
wy8
AHY
mqL
frX
ayL
rCZ
sw6
hAT
mGM
n90
fFX
itR
oR_
OP0
dvT
sL2
deu
uEU
jp6
cgA
noH
jHT
nC1
cuX
PS6
blt
ez3
ABM
fER
pTY
hGL
bzO
aFQ
aJO
sIO
fKR
xA0
iy6
sIX
CL2
eQ8
eF7
AJ8
tE1
d67
RZ8
iS7
nMZ
oFX
izT
qT6
vMS
qRY
anL
fsu
sxL
euH
lrN
bT9
c60
cW6
i2_
pUY
rCL
AOT
dv4
GIT
dr8
BQ_
hj_
blz
cqK
iBU
DEP
iET
hip
rvV
tO0
fzT
FQ9
jOT
glm
pY5
jmp
zSZ
atN
anz
wC6
pAN
rvx
nG2
ANU
au_
efO
avB
svB
pq2
mzW
FR9
exZ
GSU
dyW
DTU
aAN
jmB
sCW
mIJ
iFJ
FGY
iR4
sw8
eLQ
ben
jtx
P0_
V29
a20
gT6
cgS
aqS
msu
psv
aD8
FO_
hjU
DT6
sMT
sS6
PQ8
Y24
ej3
nEK
bkS
sHR
tvR
imI
AER
hlH
jkC
eV2
enX
aj2
kE4
pX2
zEQ
quW
acq
mX0
EMZ
KZ7
oX3
TV1
env
aqR
gx1
uD1
kRX
yGP
z48
fAD
dNZ
dK6
vzZ
AEY
jZ_
fjl
bAZ
EPU
mH9
nT_
ruQ
iFL
pwG
D28
eA5
msA
efh
kxE
dX1
S90
qu1
DKL
uW8
abt
iJ6
dry
lrJ
q68
jLW
lKT
kW8
sV4
rCH
ctE
sDJ
CS1
t2_
ipv
COP
LT4
anH
nzA
s15
lFH
mAO
imK
RW7
vzT
knu
cBU
LOW
yN2
xyX
xCY
QT1
FTU
guF
mL0
rY2
zOR
pDF
DFX
qLQ
wE0
jH3
hlB
blv
xCP
hEH
EGO
BJY
qY1
yQ3
lDL
bew
jZ9
PX0
uQ5
eiD
aBO
249
gq3
BN5
cOX
wFY
GHX
FUW
jU7
auK
X80
247
qw3
qx2
oFO
gI1
eH2
nQ3
yJV
fT_
K14
sDE
oT6
cx_
tVX
inR
fuI
aO_
wCM
gkn
nzK
iCU
jB9
co1
hmY
gIM
dyM
AD4
rJX
pBU
nwD
AOX
bij
OZ3
dP0
t60
fgw
378
aC7
awJ
hnA
K3_
rNW
awY
wNV
csU
s24
lEX
bW8
bq3
gG3
nN3
SY7
rt9
r40
GSX
h27
ayY
tJO
mFZ
wB0
bD5
kZ7
ceY
x48
pxR
xZ6
ijH
uwz
fDY
ejk
JOZ
aoF
q48
rzI
iR5
cky
M7_
auU
xSW
inX
gG2
nF_
BI0
lwC
lY_
qQ2
ms2
mvU
B49
eI7
jAK
N37
EN5
tuV
xRZ
GJZ
oEI
yHR
KW0
NT7
s1_
dm6
dem
SZ0
iB7
zA2
kLR
lC8
ejL
iM0
sQ4
prx
lrF
gJ_
hK1
uV1
mFU
acB
aB3
bgX
uFN
CEJ
rJV
hjG
ptW
IR1
gnp
dB4
hCE
pK3
yHU
pSZ
iB2
k69
ht9
zMO
PZ9
hL4
qt2
GTZ
fgR
svZ
fyC
Y47
BTX
sAP
GM7
abn
qM2
rE9
FKO
fyH
lI5
jzY
isP
i35
sJQ
deA
WZ8
HX0
klT
nq2
bsV
vxQ
aB4
gzW
CF2
JO5
ek9
rN_
BM4
lNP
pLO
iE6
mY9
gyE
EQZ
CR2
df3
enO
nKV
klO
qzO
jzC
ANX
zWZ
HM_
TX1
nS9
IOS
fZ9
vzM
hJ1
xAV
bOS
cCK
gzP
bDZ
JT5
gwN
tyZ
b67
tM7
eD3
ew6
hRZ
dux
HLR
aqK
jvx
rtK
hCV
ep0
IV2
mKY
gNQ
nuC
pFS
780
KX1
h70
sC4
nD_
zPY
l45
CP3
kPV
IX_
dMV
dwZ
v14
hvQ
eN1
gHU
rzE
nEX
msY
VW5
jw0
gy6
auA
AY9
aqJ
NRU
EM7
eJ0
ds8
csD
bsX
NZ5
jvL
bL4
sMZ
otC
pEO
DL_
grW
vD3
lpO
akH
bcL
gY3
eI0
UW2
kCY
s3_
bhD
JV4
o7_
tU7
rFQ
mG1
fkW
aqA
fzA
LP4
gzC
zB1
MW8
zG1
oKR
hsP
qt6
sIV
xUZ
xFG
aW6
PR8
AI5
grP
iEV
bkv
nNS
tW4
yzG
CD3
eiU
bpx
ky1
dxX
hjZ
rNV
suH
dU5
iuZ
yKX
iT1
el2
yL4
ciZ
nq6
KR7
pSV
R4_
jrS
hU0
dO3
u37
nG7
uTZ
cg_
fgN
lCK
r36
kpF
hMP
qGZ
iwy
jly
yPU
iCN
jnu
aJN
jB1
DN6
hv5
hmQ
APX
fvG
qrV
ES_
oMN
vBU
NRS
mps
qz7
wJW
ci_
nIM
fvC
vV7
BM6
JV6
uK7
lrX
hwK
lQ7
ejB
rF0
ah1
hQR
xFT
zRU
L8_
fpX
qK0
DJP
iCM
pWY
uz8
LP2
wJP
yDK
dfK
mx6
cHW
dEI
kwO
mvC
dqJ
wU8
IY5
de9
clN
uy8
cvI
gIW
dmx
pL1
pC8
dCS
kTW
zOT
DPU
jS0
hwE
xOR
zW1
uN8
F5_
u16
huZ
a29
ovL
av3
lY8
uFX
chU
qR7
ctH
dfH
eX0
fhK
tK7
zV9
sFY
eZ8
sG7
GI9
kzH
dPW
jCQ
kpH
nT7
enE
U6_
kO5
suR
mnS
DN8
gJM
W89
AFW
bwA
hA2
g90
ovO
dHT
AF9
gnx
ltZ
ELY
gJT
mtu
ehW
go4
r27
cxB
yP_
aXY
eiw
nY9
HOX
X16
uCW
DY2
dL3
sW3
wZ2
myX
JT4
KRS
ipE
mU4
iL8
vwR
aGQ
erv
lpS
yFZ
F89
NR1
uzF
x56
pu2
IP_
dis
eo0
pHP
jC5
fPY
bhw
vxY
mnT
yEW
ku_
aor
oy5
dkY
MUZ
kY4
IK_
kES
sBK
wzI
fAY
gP0
iu0
gor
kS1
dDQ
vS9
rwW
kuT
oLV
JPS
cl9
is1
djw
lFM
iOU
x3_
J15
K9_
w12
kV2
adK
fGK
dEP
lqu
dir
W69
kyW
zEZ
yAP
rIJ
mwx
c36
gsW
eDY
fvZ
hR4
bP8
bsS
fnD
EJ4
ajo
DJ2
hlG
nM5
bN3
fY8
S19
dU6
gAT
qvL
mL9
tCS
b27
HP0
cG_
cLO
itH
vRX
uI1
beG
rR9
aoA
wy6
pvw
uBL
ftA
mnp
mnI
rz3
oAV
fj1
dvI
qrR
jn5
FL6
irs
kU9
emp
hwI
pyY
es5
fi1
tvy
d60
sG3
iHS
pEG
x58
O23
KPW
ctW
tJ5
IU9
hsA
ajp
jtS
MUV
wy4
fg8
prs
eis
CKM
LZ5
xO1
bht
mx0
zS8
eh5
sIK
jCM
ry4
qD9
jpu
kO9
fV5
x90
kzO
zFK
cjT
COV
nL0
wIS
DF2
mW5
bdy
x8_
mwK
fkm
uDO
amJ
xI4
ceZ
z89
pqE
iT9
ps0
fOR
goY
hSX
tFY
aoG
brz
pFR
qKL
cCL
I79
xLX
fyS
puK
dxL
evF
aAI
jpr
cfk
vKM
K1_
ruX
IZ9
owE
kOX
buY
IO5
oIL
V78
gjw
hnN
NWX
rIK
fkn
vZ7
d59
eKQ
y70
sv2
kwW
vMV
jVZ
ESY
vJP
GTV
QT8
ov6
gu6
xKM
f27
hV0
nwZ
itK
pR1
jV2
jux
G19
fjy
aRY
uT1
buR
ltM
uz0
xQ5
dmo
dU2
d4_
HI_
KS5
eP6
qD7
eD0
nIU
z70
PSY
mG_
hw0
qCI
gBH
cjR
lU7
uy0
NSX
dmp
hP9
cpO
jC7
fjK
pL9
jV7
rxD
KNW
zG3
BD1
nA1
CLW
fOT
qKN
gB5
pyU
dfy
pFT
pyF
M45
pQ3
lIQ
cj8
ftM
kvC
eyz
cCM
nEW
uA0
nsW
fu1
kAM
356
tI5
pH9
CNO
bsF
lK0
fJ5
cG2
eyT
bjG
K56
uDS
elP
l13
KMQ
mB9
DMO
B79
yMS
qtI
dX7
qMW
dfv
fiS
pqv
opx
ATZ
AF1
AUV
sN0
G45
DY4
zIL
hxA
bst
sA2
ny8
IT9
hR_
fg4
mLZ
bsA
yVZ
yK8
diJ
nY1
tLY
CDO
fxB
byz
ekO
kzP
CE8
IR8
wIL
kZ6
br2
jEQ
BIS
pAT
cV_
gR4
nyI
gj6
aUV
IO2
dqX
oD1
gF0
qW7
fP8
DG8
vCJ
hiH
kVW
AIX
cqA
sxW
xMY
gMO
NPW
foG
dwJ
fkU
dtG
ehH
gPQ
iQS
hwW
kzT
moI
uxZ
lV7
br_
eJR
ipt
ghA
rwY
qz_
nW9
TV6
uJL
bsH
sN3
aOQ
pCQ
xW8
irt
rz9
BK8
lR0
foB
yz6
B13
B45
zEK
npy
npC
uFG
BN9
DJS
gmG
jV_
ITX
HZ3
fsH
e9_
aFP
yDH
nJW
NST
gB_
J2_
eR2
JQS
vQ5
bpH
mBR
pKX
mPQ
mX6
jwM
460
d6_
cKS
kmn
sRU
xHS
cGT
oQY
oA7
K48
dxJ
uKL
jUY
qz3
chY
xH2
jBX
wO5
fjG
qvI
iEQ
bUZ
ntJ
MOY
qtM
afj
cjY
dT8
uyN
gAZ
dF4
lEN
fuJ
xBD
lqO
ETV
DOW
tYZ
vA1
wAJ
HOQ
S27
huC
ghZ
rW8
hjs
mrs
mn2
M17
zM1
L34
SW8
nsT
sGX
kMP
mwC
mDT
MPV
hz4
CH8
CRS
qE0
jJQ
gBT
hn8
KM_
tX_
QYZ
AG7
guH
iTW
yS5
zBI
oNU
C48
dW5
lp1
uJ5
aNW
bE6
eS5
alH
acS
rK9
goA
rOW
j0_
w48
jU_
vy5
dm2
iRW
uF3
kzW
ekq
lmw
foV
aC4
sS9
iqv
cY9
eH4
jL2
ftu
stA
fE8
iJP
gtM
lvJ
mM1
QR9
ko6
B68
yV8
npu
nwB
mBM
eOQ
zKL
oEX
xGJ
nD2
cfs
hZ9
wQ0
jEY
dP6
S5_
yG7
hC3
JV2
Z24
hj5
uJU
moH
kOR
elB
wXZ
EK5
in5
gtN
hRU
JR8
eDV
xK7
yDT
quB
JW8
JNQ
luX
RXY
cAJ
lst
rT5
DFM
afp
wEH
jFI
CDY
CJL
xP5
fuT
ckw
pP2
jo_
biF
cnE
pvC
wyH
iIT
uA8
tw9
zZ2
oK0
bnQ
qvZ
hqM
ns1
dvJ
UY3
q13
EPS
py1
pU0
zG6
bsU
in0
jL4
iAS
tE7
cLV
vJ5
hQ5
DFJ
fhn
iD_
bgV
xIL
kQ0
lDI
fjq
hz9
yQ2
im0
mv3
wEG
Z5_
i23
mJM
dsT
aNX
ko8
jEW
fV0
qsG
aM_
dBF
iB_
sQ6
bU3
rF7
fmW
fn7
nL3
pD8
RY9
ryV
qtQ
R8_
jk9
pxC
rwQ
cj_
fiK
OW1
IJ8
fP0
vP7
giu
ku2
huN
DY0
qOQ
EGL
EZ9
dGL
gS2
fU9
qyO
rZ0
eoN
iBZ
CDW
U47
tH1
dgS
gkZ
vBV
mv4
nqQ
bMO
EI4
elV
aB2
rAQ
oB_
NY1
atO
V90
os2
iyL
oW4
fq5
cIO
vG2
eqw
iDY
uxG
567
o28
iJL
zJN
hq_
lqE
fF9
uE5
lt7
hBC
KQ_
yP1
jyV
qCT
QY5
vL8
p67
orZ
GR9
ceO
KSW
uFO
zL8
tFS
h60
dsR
a0_
dW1
zC_
uHJ
duv
nxV
qsL
wAM
bHJ
B30
NY2
cjQ
xIR
hVX
grM
yJK
asD
R80
xGQ
i80
rHX
lLS
tDV
abo
fD8
IN5
qMS
cuE
fiW
iyS
aP5
iyB
nvB
vCX
jJZ
tIW
u13
tDK
dtB
mSY
ai2
hkq
gm4
lq3
pA1
hHW
lEF
wyM
yM3
nAB
sWX
aS0
DH8
tyD
hqJ
iq0
nAY
kN2
JL0
oAP
swS
vG4
FM5
fp1
EI_
DEZ
np8
aq5
AFR
sRZ
dUW
hkC
wMU
wDP
iEI
az3
ntR
zIK
aOR
mD_
j25
oM8
DL9
mAE
aW8
cSZ
zY_
fIS
uLT
gV1
vX9
gTV
LO2
SZ3
erX
m37
beu
EJZ
qV7
iyI
CQW
zMP
z15
swE
rtZ
qK_
gIR
lHM
dkz
tyN
aPQ
AG3
xM7
fq9
ou_
gq8
en8
uA3
xN2
iGP
stY
rSX
hFK
fiY
MY8
eCZ
hzC
h47
GKO
hor
N40
lZ3
bR6
oN5
bdV
U79
lmo
ilR
IK5
nr6
xOW
tzV
bHU
FK2
cgh
dAK
epv
fv0
ceC
xFR
fiR
gtU
p27
FNO
qzQ
bo_
XY4
lx2
kL4
y67
eIN
tKO
rwN
qT3
jx0
bm5
dB_
yST
bs1
iCZ
ap8
IN9
vAJ
DZ4
rsV
vDK
KV3
xAM
AQS
nJP
dFO
aP_
adP
xTV
K6_
hv8
lY6
GI4
vz4
cv5
mw7
dw7
qyE
wDO
RS9
qNX
jRX
det
aLT
asu
dAE
uA5
wEP
TUY
np4
gkS
nw1
fS4
nr4
lO7
hkm
tIM
oW5
iIL
DK7
fMP
wF9
U25
lR3
dBU
pT9
sE4
AL8
MP_
eL9
qs_
PSU
w89
eAS
nDX
qsH
dqS
iGN
A30
dJW
dAW
sH1
bgN
gkP
hX2
QRZ
wPS
oOQ
QTV
n69
qL5
ewE
BNZ
IJ0
ny_
eTX
wIQ
uZ7
EHX
mCO
kDE
fU1
qAE
bLW
qyG
ejX
sz0
mVZ
CX9
vQ1
hk8
dGI
aU5
wO6
jP_
jot
FT9
eFZ
gvZ
rI0
rAY
kBZ
bp5
cyV
aiV
dtL
NZ_
dLP
mx7
ip2
pVW
qvE
iZ2
agK
KOU
frs
ptz
IRX
gr5
BR9
for
wPT
kGS
dgK
bSX
gkV
vI0
pvJ
cfp
gvY
biU
hrL
zF3
oJ1
wU3
mzS
xHX
yN5
hOU
gBO
iH4
zUY
b40
gwD
DOP
n38
iAW
HI8
oN2
mw3
pzP
mwT
cpY
fuS
fnF
nzX
orC
at3
AX4
jsx
lmr
nT6
T90
bcQ
ewz
cnB
ktR
PT3
FKZ
rsv
tuO
iIW
kq0
ilz
ads
pJT
q30
eOX
czH
pwF
vI8
lq_
MZ9
vR0
NPY
uBJ
BGS
oxL
rxX
GR4
GLX
nIX
mrC
PW3
aDR
R29
mzI
ipD
boL
iN0
kt7
acX
LNY
dPQ
EJ7
d70
aK_
nT5
yRS
crX
uCX
iKR
fmp
bN6
xUV
lmL
F15
tJ8
rEL
IM4
sR9
gT_
nR3
yOR
szF
nV8
KZ_
DV7
hOS
jqU
bvF
rtB
dyz
uZ3
opI
xR1
CMV
osJ
aAG
v45
LOS
yEI
cGM
mr8
qBZ
HJ4
kzA
eUZ
uLZ
lD2
st3
tAD
rRW
vM5
bhL
aio
nxR
gSY
hk4
hxL
agP
d14
rAT
qB4
R57
ex3
bu_
aiz
hnH
FMP
gu8
xK3
dP5
ikp
dR9
stI
rBQ
mU1
iGH
zJ9
HR8
xD9
clw
iF5
QW5
FN7
cHX
eO5
gmQ
kqN
ct4
dsQ
xMU
dBG
pC5
cQ_
aF9
dBV
jsI
ij5
lAZ
bdN
A69
io7
zJY
BDG
lsw
fn8
adh
mDE
mFH
sC9
lL2
ABH
bdC
eyB
fiJ
rtD
jkH
mGQ
BQV
CIX
noM
jS6
h9_
IZ2
358
atZ
pT2
wDG
cjz
u58
aDI
HXZ
qGP
CY9
bFI
pY7
gK7
zKT
bjI
sMO
bDE
CS4
cM3
sJT
D50
AZ8
clK
CO7
bC3
jyO
py_
FHJ
kn_
KW5
BX7
esU
CQ7
FIQ
lz0
bhE
BQY
HO_
lsN
del
efS
iS3
u26
apy
